{"total": {"lines":{"total":580,"covered":467,"skipped":0,"pct":80.51},"statements":{"total":594,"covered":476,"skipped":0,"pct":80.13},"functions":{"total":199,"covered":156,"skipped":0,"pct":78.39},"branches":{"total":374,"covered":274,"skipped":0,"pct":73.26},"branchesTrue":{"total":0,"covered":0,"skipped":0,"pct":100}}
,"/home/runner/work/learn-mandarin/learn-mandarin/frontend/src/App.tsx": {"lines":{"total":4,"covered":4,"skipped":0,"pct":100},"functions":{"total":1,"covered":1,"skipped":0,"pct":100},"statements":{"total":4,"covered":4,"skipped":0,"pct":100},"branches":{"total":0,"covered":0,"skipped":0,"pct":100}}
,"/home/runner/work/learn-mandarin/learn-mandarin/frontend/src/components/AddWordModal.tsx": {"lines":{"total":32,"covered":31,"skipped":0,"pct":96.87},"functions":{"total":11,"covered":11,"skipped":0,"pct":100},"statements":{"total":32,"covered":31,"skipped":0,"pct":96.87},"branches":{"total":27,"covered":25,"skipped":0,"pct":92.59}}
,"/home/runner/work/learn-mandarin/learn-mandarin/frontend/src/components/CharacterFormModal.tsx": {"lines":{"total":33,"covered":32,"skipped":0,"pct":96.96},"functions":{"total":8,"covered":8,"skipped":0,"pct":100},"statements":{"total":33,"covered":32,"skipped":0,"pct":96.96},"branches":{"total":36,"covered":35,"skipped":0,"pct":97.22}}
,"/home/runner/work/learn-mandarin/learn-mandarin/frontend/src/components/CharacterWordsModal.tsx": {"lines":{"total":5,"covered":5,"skipped":0,"pct":100},"functions":{"total":3,"covered":3,"skipped":0,"pct":100},"statements":{"total":5,"covered":5,"skipped":0,"pct":100},"branches":{"total":4,"covered":4,"skipped":0,"pct":100}}
,"/home/runner/work/learn-mandarin/learn-mandarin/frontend/src/components/ChatCharacterAvatar.tsx": {"lines":{"total":4,"covered":4,"skipped":0,"pct":100},"functions":{"total":1,"covered":1,"skipped":0,"pct":100},"statements":{"total":4,"covered":4,"skipped":0,"pct":100},"branches":{"total":2,"covered":2,"skipped":0,"pct":100}}
,"/home/runner/work/learn-mandarin/learn-mandarin/frontend/src/components/ChatCharacterCard.tsx": {"lines":{"total":2,"covered":2,"skipped":0,"pct":100},"functions":{"total":2,"covered":2,"skipped":0,"pct":100},"statements":{"total":2,"covered":2,"skipped":0,"pct":100},"branches":{"total":0,"covered":0,"skipped":0,"pct":100}}
,"/home/runner/work/learn-mandarin/learn-mandarin/frontend/src/components/ChatModal.tsx": {"lines":{"total":46,"covered":45,"skipped":0,"pct":97.82},"functions":{"total":12,"covered":12,"skipped":0,"pct":100},"statements":{"total":47,"covered":46,"skipped":0,"pct":97.87},"branches":{"total":32,"covered":26,"skipped":0,"pct":81.25}}
,"/home/runner/work/learn-mandarin/learn-mandarin/frontend/src/components/ConfirmModal.tsx": {"lines":{"total":4,"covered":4,"skipped":0,"pct":100},"functions":{"total":2,"covered":2,"skipped":0,"pct":100},"statements":{"total":4,"covered":4,"skipped":0,"pct":100},"branches":{"total":2,"covered":2,"skipped":0,"pct":100}}
,"/home/runner/work/learn-mandarin/learn-mandarin/frontend/src/components/Navbar.tsx": {"lines":{"total":5,"covered":5,"skipped":0,"pct":100},"functions":{"total":3,"covered":3,"skipped":0,"pct":100},"statements":{"total":5,"covered":5,"skipped":0,"pct":100},"branches":{"total":4,"covered":4,"skipped":0,"pct":100}}
,"/home/runner/work/learn-mandarin/learn-mandarin/frontend/src/components/Page.tsx": {"lines":{"total":1,"covered":1,"skipped":0,"pct":100},"functions":{"total":1,"covered":1,"skipped":0,"pct":100},"statements":{"total":1,"covered":1,"skipped":0,"pct":100},"branches":{"total":3,"covered":3,"skipped":0,"pct":100}}
,"/home/runner/work/learn-mandarin/learn-mandarin/frontend/src/components/PinyinGridView.tsx": {"lines":{"total":48,"covered":43,"skipped":0,"pct":89.58},"functions":{"total":19,"covered":17,"skipped":0,"pct":89.47},"statements":{"total":50,"covered":45,"skipped":0,"pct":90},"branches":{"total":46,"covered":40,"skipped":0,"pct":86.95}}
,"/home/runner/work/learn-mandarin/learn-mandarin/frontend/src/components/Table.tsx": {"lines":{"total":9,"covered":9,"skipped":0,"pct":100},"functions":{"total":4,"covered":4,"skipped":0,"pct":100},"statements":{"total":9,"covered":9,"skipped":0,"pct":100},"branches":{"total":18,"covered":18,"skipped":0,"pct":100}}
,"/home/runner/work/learn-mandarin/learn-mandarin/frontend/src/components/icons.tsx": {"lines":{"total":9,"covered":9,"skipped":0,"pct":100},"functions":{"total":9,"covered":9,"skipped":0,"pct":100},"statements":{"total":9,"covered":9,"skipped":0,"pct":100},"branches":{"total":0,"covered":0,"skipped":0,"pct":100}}
,"/home/runner/work/learn-mandarin/learn-mandarin/frontend/src/pages/ChatPage.tsx": {"lines":{"total":5,"covered":5,"skipped":0,"pct":100},"functions":{"total":3,"covered":3,"skipped":0,"pct":100},"statements":{"total":5,"covered":5,"skipped":0,"pct":100},"branches":{"total":0,"covered":0,"skipped":0,"pct":100}}
,"/home/runner/work/learn-mandarin/learn-mandarin/frontend/src/pages/HomePage.tsx": {"lines":{"total":29,"covered":28,"skipped":0,"pct":96.55},"functions":{"total":12,"covered":11,"skipped":0,"pct":91.66},"statements":{"total":30,"covered":29,"skipped":0,"pct":96.66},"branches":{"total":29,"covered":19,"skipped":0,"pct":65.51}}
,"/home/runner/work/learn-mandarin/learn-mandarin/frontend/src/pages/KnowledgeBasePage.tsx": {"lines":{"total":202,"covered":108,"skipped":0,"pct":53.46},"functions":{"total":75,"covered":38,"skipped":0,"pct":50.66},"statements":{"total":206,"covered":110,"skipped":0,"pct":53.39},"branches":{"total":103,"covered":45,"skipped":0,"pct":43.68}}
,"/home/runner/work/learn-mandarin/learn-mandarin/frontend/src/pages/PreferencesPage.tsx": {"lines":{"total":29,"covered":27,"skipped":0,"pct":93.1},"functions":{"total":9,"covered":9,"skipped":0,"pct":100},"statements":{"total":31,"covered":29,"skipped":0,"pct":93.54},"branches":{"total":14,"covered":9,"skipped":0,"pct":64.28}}
,"/home/runner/work/learn-mandarin/learn-mandarin/frontend/src/types/character.ts": {"lines":{"total":2,"covered":2,"skipped":0,"pct":100},"functions":{"total":1,"covered":1,"skipped":0,"pct":100},"statements":{"total":2,"covered":2,"skipped":0,"pct":100},"branches":{"total":0,"covered":0,"skipped":0,"pct":100}}
,"/home/runner/work/learn-mandarin/learn-mandarin/frontend/src/types/chat.ts": {"lines":{"total":0,"covered":0,"skipped":0,"pct":0},"functions":{"total":0,"covered":0,"skipped":0,"pct":0},"statements":{"total":0,"covered":0,"skipped":0,"pct":0},"branches":{"total":0,"covered":0,"skipped":0,"pct":0}}
,"/home/runner/work/learn-mandarin/learn-mandarin/frontend/src/types/llmConfig.ts": {"lines":{"total":0,"covered":0,"skipped":0,"pct":0},"functions":{"total":0,"covered":0,"skipped":0,"pct":0},"statements":{"total":0,"covered":0,"skipped":0,"pct":0},"branches":{"total":0,"covered":0,"skipped":0,"pct":0}}
,"/home/runner/work/learn-mandarin/learn-mandarin/frontend/src/types/pinyin.ts": {"lines":{"total":29,"covered":28,"skipped":0,"pct":96.55},"functions":{"total":6,"covered":6,"skipped":0,"pct":100},"statements":{"total":30,"covered":29,"skipped":0,"pct":96.66},"branches":{"total":16,"covered":15,"skipped":0,"pct":93.75}}
,"/home/runner/work/learn-mandarin/learn-mandarin/frontend/src/types/word.ts": {"lines":{"total":0,"covered":0,"skipped":0,"pct":0},"functions":{"total":0,"covered":0,"skipped":0,"pct":0},"statements":{"total":0,"covered":0,"skipped":0,"pct":0},"branches":{"total":0,"covered":0,"skipped":0,"pct":0}}
,"/home/runner/work/learn-mandarin/learn-mandarin/frontend/src/utils/chatApi.ts": {"lines":{"total":12,"covered":10,"skipped":0,"pct":83.33},"functions":{"total":4,"covered":2,"skipped":0,"pct":50},"statements":{"total":14,"covered":10,"skipped":0,"pct":71.42},"branches":{"total":8,"covered":4,"skipped":0,"pct":50}}
,"/home/runner/work/learn-mandarin/learn-mandarin/frontend/src/utils/formatDateTime.ts": {"lines":{"total":10,"covered":9,"skipped":0,"pct":90},"functions":{"total":1,"covered":1,"skipped":0,"pct":100},"statements":{"total":10,"covered":9,"skipped":0,"pct":90},"branches":{"total":2,"covered":1,"skipped":0,"pct":50}}
,"/home/runner/work/learn-mandarin/learn-mandarin/frontend/src/utils/homeMotivation.ts": {"lines":{"total":20,"covered":20,"skipped":0,"pct":100},"functions":{"total":2,"covered":2,"skipped":0,"pct":100},"statements":{"total":20,"covered":20,"skipped":0,"pct":100},"branches":{"total":10,"covered":10,"skipped":0,"pct":100}}
,"/home/runner/work/learn-mandarin/learn-mandarin/frontend/src/utils/knowledgeBaseApi.ts": {"lines":{"total":11,"covered":10,"skipped":0,"pct":90.9},"functions":{"total":2,"covered":2,"skipped":0,"pct":100},"statements":{"total":11,"covered":10,"skipped":0,"pct":90.9},"branches":{"total":6,"covered":4,"skipped":0,"pct":66.66}}
,"/home/runner/work/learn-mandarin/learn-mandarin/frontend/src/utils/llmConfigApi.ts": {"lines":{"total":9,"covered":6,"skipped":0,"pct":66.66},"functions":{"total":3,"covered":2,"skipped":0,"pct":66.66},"statements":{"total":10,"covered":6,"skipped":0,"pct":60},"branches":{"total":6,"covered":2,"skipped":0,"pct":33.33}}
,"/home/runner/work/learn-mandarin/learn-mandarin/frontend/src/utils/wordCharacters.ts": {"lines":{"total":6,"covered":6,"skipped":0,"pct":100},"functions":{"total":2,"covered":2,"skipped":0,"pct":100},"statements":{"total":6,"covered":6,"skipped":0,"pct":100},"branches":{"total":2,"covered":2,"skipped":0,"pct":100}}
,"/home/runner/work/learn-mandarin/learn-mandarin/frontend/src/utils/wordsByCharacter.ts": {"lines":{"total":14,"covered":14,"skipped":0,"pct":100},"functions":{"total":3,"covered":3,"skipped":0,"pct":100},"statements":{"total":14,"covered":14,"skipped":0,"pct":100},"branches":{"total":4,"covered":4,"skipped":0,"pct":100}}
}
