{"meta": {"format": 3, "version": "7.8.0", "timestamp": "2026-07-13T12:44:30.650131", "branch_coverage": true, "show_contexts": false}, "files": {"backend/__init__.py": {"executed_lines": [1, 2, 3, 5, 6, 8, 9, 10, 11, 12, 14], "summary": {"covered_lines": 11, "num_statements": 11, "percent_covered": 100.0, "percent_covered_display": "100.00", "missing_lines": 0, "excluded_lines": 0, "num_branches": 0, "num_partial_branches": 0, "covered_branches": 0, "missing_branches": 0}, "missing_lines": [], "excluded_lines": [], "executed_branches": [], "missing_branches": [], "functions": {"create_app": {"executed_lines": [2, 3, 5, 6, 8, 9, 10, 11, 12, 14], "summary": {"covered_lines": 10, "num_statements": 10, "percent_covered": 100.0, "percent_covered_display": "100.00", "missing_lines": 0, "excluded_lines": 0, "num_branches": 0, "num_partial_branches": 0, "covered_branches": 0, "missing_branches": 0}, "missing_lines": [], "excluded_lines": [], "executed_branches": [], "missing_branches": []}, "": {"executed_lines": [1], "summary": {"covered_lines": 1, "num_statements": 1, "percent_covered": 100.0, "percent_covered_display": "100.00", "missing_lines": 0, "excluded_lines": 0, "num_branches": 0, "num_partial_branches": 0, "covered_branches": 0, "missing_branches": 0}, "missing_lines": [], "excluded_lines": [], "executed_branches": [], "missing_branches": []}}, "classes": {"": {"executed_lines": [1, 2, 3, 5, 6, 8, 9, 10, 11, 12, 14], "summary": {"covered_lines": 11, "num_statements": 11, "percent_covered": 100.0, "percent_covered_display": "100.00", "missing_lines": 0, "excluded_lines": 0, "num_branches": 0, "num_partial_branches": 0, "covered_branches": 0, "missing_branches": 0}, "missing_lines": [], "excluded_lines": [], "executed_branches": [], "missing_branches": []}}}, "backend/app.py": {"executed_lines": [1, 3, 5, 7], "summary": {"covered_lines": 4, "num_statements": 6, "percent_covered": 62.5, "percent_covered_display": "62.50", "missing_lines": 2, "excluded_lines": 0, "num_branches": 2, "num_partial_branches": 1, "covered_branches": 1, "missing_branches": 1}, "missing_lines": [8, 9], "excluded_lines": [], "executed_branches": [[7, -1]], "missing_branches": [[7, 8]], "functions": {"": {"executed_lines": [1, 3, 5, 7], "summary": {"covered_lines": 4, "num_statements": 6, "percent_covered": 62.5, "percent_covered_display": "62.50", "missing_lines": 2, "excluded_lines": 0, "num_branches": 2, "num_partial_branches": 1, "covered_branches": 1, "missing_branches": 1}, "missing_lines": [8, 9], "excluded_lines": [], "executed_branches": [[7, -1]], "missing_branches": [[7, 8]]}}, "classes": {"": {"executed_lines": [1, 3, 5, 7], "summary": {"covered_lines": 4, "num_statements": 6, "percent_covered": 62.5, "percent_covered_display": "62.50", "missing_lines": 2, "excluded_lines": 0, "num_branches": 2, "num_partial_branches": 1, "covered_branches": 1, "missing_branches": 1}, "missing_lines": [8, 9], "excluded_lines": [], "executed_branches": [[7, -1]], "missing_branches": [[7, 8]]}}}, "backend/database.py": {"executed_lines": [1, 3, 4, 6, 9, 19, 42], "summary": {"covered_lines": 7, "num_statements": 24, "percent_covered": 25.0, "percent_covered_display": "25.00", "missing_lines": 17, "excluded_lines": 0, "num_branches": 4, "num_partial_branches": 0, "covered_branches": 0, "missing_branches": 4}, "missing_lines": [10, 14, 15, 16, 20, 21, 23, 24, 25, 26, 28, 31, 39, 43, 45, 46, 47], "excluded_lines": [], "executed_branches": [], "missing_branches": [[23, 24], [23, 39], [25, 26], [25, 28]], "functions": {"configure_database": {"executed_lines": [], "summary": {"covered_lines": 0, "num_statements": 4, "percent_covered": 0.0, "percent_covered_display": "0.00", "missing_lines": 4, "excluded_lines": 0, "num_branches": 0, "num_partial_branches": 0, "covered_branches": 0, "missing_branches": 0}, "missing_lines": [10, 14, 15, 16], "excluded_lines": [], "executed_branches": [], "missing_branches": []}, "_migrate_updated_at_columns": {"executed_lines": [], "summary": {"covered_lines": 0, "num_statements": 9, "percent_covered": 0.0, "percent_covered_display": "0.00", "missing_lines": 9, "excluded_lines": 0, "num_branches": 4, "num_partial_branches": 0, "covered_branches": 0, "missing_branches": 4}, "missing_lines": [20, 21, 23, 24, 25, 26, 28, 31, 39], "excluded_lines": [], "executed_branches": [], "missing_branches": [[23, 24], [23, 39], [25, 26], [25, 28]]}, "init_db": {"executed_lines": [], "summary": {"covered_lines": 0, "num_statements": 4, "percent_covered": 0.0, "percent_covered_display": "0.00", "missing_lines": 4, "excluded_lines": 0, "num_branches": 0, "num_partial_branches": 0, "covered_branches": 0, "missing_branches": 0}, "missing_lines": [43, 45, 46, 47], "excluded_lines": [], "executed_branches": [], "missing_branches": []}, "": {"executed_lines": [1, 3, 4, 6, 9, 19, 42], "summary": {"covered_lines": 7, "num_statements": 7, "percent_covered": 100.0, "percent_covered_display": "100.00", "missing_lines": 0, "excluded_lines": 0, "num_branches": 0, "num_partial_branches": 0, "covered_branches": 0, "missing_branches": 0}, "missing_lines": [], "excluded_lines": [], "executed_branches": [], "missing_branches": []}}, "classes": {"": {"executed_lines": [1, 3, 4, 6, 9, 19, 42], "summary": {"covered_lines": 7, "num_statements": 24, "percent_covered": 25.0, "percent_covered_display": "25.00", "missing_lines": 17, "excluded_lines": 0, "num_branches": 4, "num_partial_branches": 0, "covered_branches": 0, "missing_branches": 4}, "missing_lines": [10, 14, 15, 16, 20, 21, 23, 24, 25, 26, 28, 31, 39, 43, 45, 46, 47], "excluded_lines": [], "executed_branches": [], "missing_branches": [[23, 24], [23, 39], [25, 26], [25, 28]]}}}, "backend/extensions.py": {"executed_lines": [1, 3], "summary": {"covered_lines": 2, "num_statements": 2, "percent_covered": 100.0, "percent_covered_display": "100.00", "missing_lines": 0, "excluded_lines": 0, "num_branches": 0, "num_partial_branches": 0, "covered_branches": 0, "missing_branches": 0}, "missing_lines": [], "excluded_lines": [], "executed_branches": [], "missing_branches": [], "functions": {"": {"executed_lines": [1, 3], "summary": {"covered_lines": 2, "num_statements": 2, "percent_covered": 100.0, "percent_covered_display": "100.00", "missing_lines": 0, "excluded_lines": 0, "num_branches": 0, "num_partial_branches": 0, "covered_branches": 0, "missing_branches": 0}, "missing_lines": [], "excluded_lines": [], "executed_branches": [], "missing_branches": []}}, "classes": {"": {"executed_lines": [1, 3], "summary": {"covered_lines": 2, "num_statements": 2, "percent_covered": 100.0, "percent_covered_display": "100.00", "missing_lines": 0, "excluded_lines": 0, "num_branches": 0, "num_partial_branches": 0, "covered_branches": 0, "missing_branches": 0}, "missing_lines": [], "excluded_lines": [], "executed_branches": [], "missing_branches": []}}}, "backend/models.py": {"executed_lines": [1, 3, 5, 8, 9, 12, 20, 21, 23, 24, 25, 26, 33, 40, 41, 43, 44, 45, 52], "summary": {"covered_lines": 19, "num_statements": 19, "percent_covered": 100.0, "percent_covered_display": "100.00", "missing_lines": 0, "excluded_lines": 0, "num_branches": 0, "num_partial_branches": 0, "covered_branches": 0, "missing_branches": 0}, "missing_lines": [], "excluded_lines": [], "executed_branches": [], "missing_branches": [], "functions": {"utcnow": {"executed_lines": [9], "summary": {"covered_lines": 1, "num_statements": 1, "percent_covered": 100.0, "percent_covered_display": "100.00", "missing_lines": 0, "excluded_lines": 0, "num_branches": 0, "num_partial_branches": 0, "covered_branches": 0, "missing_branches": 0}, "missing_lines": [], "excluded_lines": [], "executed_branches": [], "missing_branches": []}, "": {"executed_lines": [1, 3, 5, 8, 12, 20, 21, 23, 24, 25, 26, 33, 40, 41, 43, 44, 45, 52], "summary": {"covered_lines": 18, "num_statements": 18, "percent_covered": 100.0, "percent_covered_display": "100.00", "missing_lines": 0, "excluded_lines": 0, "num_branches": 0, "num_partial_branches": 0, "covered_branches": 0, "missing_branches": 0}, "missing_lines": [], "excluded_lines": [], "executed_branches": [], "missing_branches": []}}, "classes": {"Character": {"executed_lines": [], "summary": {"covered_lines": 0, "num_statements": 0, "percent_covered": 100.0, "percent_covered_display": "100.00", "missing_lines": 0, "excluded_lines": 0, "num_branches": 0, "num_partial_branches": 0, "covered_branches": 0, "missing_branches": 0}, "missing_lines": [], "excluded_lines": [], "executed_branches": [], "missing_branches": []}, "Word": {"executed_lines": [], "summary": {"covered_lines": 0, "num_statements": 0, "percent_covered": 100.0, "percent_covered_display": "100.00", "missing_lines": 0, "excluded_lines": 0, "num_branches": 0, "num_partial_branches": 0, "covered_branches": 0, "missing_branches": 0}, "missing_lines": [], "excluded_lines": [], "executed_branches": [], "missing_branches": []}, "": {"executed_lines": [1, 3, 5, 8, 9, 12, 20, 21, 23, 24, 25, 26, 33, 40, 41, 43, 44, 45, 52], "summary": {"covered_lines": 19, "num_statements": 19, "percent_covered": 100.0, "percent_covered_display": "100.00", "missing_lines": 0, "excluded_lines": 0, "num_branches": 0, "num_partial_branches": 0, "covered_branches": 0, "missing_branches": 0}, "missing_lines": [], "excluded_lines": [], "executed_branches": [], "missing_branches": []}}}, "backend/routes/__init__.py": {"executed_lines": [1, 4, 5, 18, 19, 20, 21, 22, 23, 24, 25, 26, 27], "summary": {"covered_lines": 13, "num_statements": 13, "percent_covered": 100.0, "percent_covered_display": "100.00", "missing_lines": 0, "excluded_lines": 0, "num_branches": 0, "num_partial_branches": 0, "covered_branches": 0, "missing_branches": 0}, "missing_lines": [], "excluded_lines": [], "executed_branches": [], "missing_branches": [], "functions": {"register_routes": {"executed_lines": [5, 18, 19, 20, 21, 22, 23, 24, 25, 26, 27], "summary": {"covered_lines": 11, "num_statements": 11, "percent_covered": 100.0, "percent_covered_display": "100.00", "missing_lines": 0, "excluded_lines": 0, "num_branches": 0, "num_partial_branches": 0, "covered_branches": 0, "missing_branches": 0}, "missing_lines": [], "excluded_lines": [], "executed_branches": [], "missing_branches": []}, "": {"executed_lines": [1, 4], "summary": {"covered_lines": 2, "num_statements": 2, "percent_covered": 100.0, "percent_covered_display": "100.00", "missing_lines": 0, "excluded_lines": 0, "num_branches": 0, "num_partial_branches": 0, "covered_branches": 0, "missing_branches": 0}, "missing_lines": [], "excluded_lines": [], "executed_branches": [], "missing_branches": []}}, "classes": {"": {"executed_lines": [1, 4, 5, 18, 19, 20, 21, 22, 23, 24, 25, 26, 27], "summary": {"covered_lines": 13, "num_statements": 13, "percent_covered": 100.0, "percent_covered_display": "100.00", "missing_lines": 0, "excluded_lines": 0, "num_branches": 0, "num_partial_branches": 0, "covered_branches": 0, "missing_branches": 0}, "missing_lines": [], "excluded_lines": [], "executed_branches": [], "missing_branches": []}}}, "backend/routes/bulk_characters.py": {"executed_lines": [1, 3, 4, 6, 9, 10, 11, 12, 13, 15, 17, 18, 19, 20, 22, 23, 24, 32, 33, 34, 35, 36, 38, 39, 40, 45, 47, 48, 49, 50, 51, 53, 54, 55, 56, 57, 59, 61], "summary": {"covered_lines": 38, "num_statements": 38, "percent_covered": 94.44444444444444, "percent_covered_display": "94.44", "missing_lines": 0, "excluded_lines": 0, "num_branches": 16, "num_partial_branches": 3, "covered_branches": 13, "missing_branches": 3}, "missing_lines": [], "excluded_lines": [], "executed_branches": [[12, 13], [12, 15], [18, 19], [18, 59], [19, 20], [19, 22], [23, 24], [23, 32], [39, 40], [47, 18], [47, 48], [49, 50], [53, 54]], "missing_branches": [[39, 47], [49, 53], [53, 47]], "functions": {"bulk_characters": {"executed_lines": [11, 12, 13, 15, 17, 18, 19, 20, 22, 23, 24, 32, 33, 34, 35, 36, 38, 39, 40, 45, 47, 48, 49, 50, 51, 53, 54, 55, 56, 57, 59, 61], "summary": {"covered_lines": 32, "num_statements": 32, "percent_covered": 93.75, "percent_covered_display": "93.75", "missing_lines": 0, "excluded_lines": 0, "num_branches": 16, "num_partial_branches": 3, "covered_branches": 13, "missing_branches": 3}, "missing_lines": [], "excluded_lines": [], "executed_branches": [[12, 13], [12, 15], [18, 19], [18, 59], [19, 20], [19, 22], [23, 24], [23, 32], [39, 40], [47, 18], [47, 48], [49, 50], [53, 54]], "missing_branches": [[39, 47], [49, 53], [53, 47]]}, "": {"executed_lines": [1, 3, 4, 6, 9, 10], "summary": {"covered_lines": 6, "num_statements": 6, "percent_covered": 100.0, "percent_covered_display": "100.00", "missing_lines": 0, "excluded_lines": 0, "num_branches": 0, "num_partial_branches": 0, "covered_branches": 0, "missing_branches": 0}, "missing_lines": [], "excluded_lines": [], "executed_branches": [], "missing_branches": []}}, "classes": {"": {"executed_lines": [1, 3, 4, 6, 9, 10, 11, 12, 13, 15, 17, 18, 19, 20, 22, 23, 24, 32, 33, 34, 35, 36, 38, 39, 40, 45, 47, 48, 49, 50, 51, 53, 54, 55, 56, 57, 59, 61], "summary": {"covered_lines": 38, "num_statements": 38, "percent_covered": 94.44444444444444, "percent_covered_display": "94.44", "missing_lines": 0, "excluded_lines": 0, "num_branches": 16, "num_partial_branches": 3, "covered_branches": 13, "missing_branches": 3}, "missing_lines": [], "excluded_lines": [], "executed_branches": [[12, 13], [12, 15], [18, 19], [18, 59], [19, 20], [19, 22], [23, 24], [23, 32], [39, 40], [47, 18], [47, 48], [49, 50], [53, 54]], "missing_branches": [[39, 47], [49, 53], [53, 47]]}}}, "backend/routes/create_character.py": {"executed_lines": [1, 3, 4, 6, 9, 10, 11, 12, 15, 18, 19, 20, 22, 25, 28, 31, 34, 35, 36, 38, 43, 44, 46], "summary": {"covered_lines": 23, "num_statements": 29, "percent_covered": 72.09302325581395, "percent_covered_display": "72.09", "missing_lines": 6, "excluded_lines": 0, "num_branches": 14, "num_partial_branches": 6, "covered_branches": 8, "missing_branches": 6}, "missing_lines": [13, 16, 23, 26, 29, 32], "excluded_lines": [], "executed_branches": [[12, 15], [15, 18], [22, 25], [25, 28], [28, 31], [31, 34], [35, 36], [35, 38]], "missing_branches": [[12, 13], [15, 16], [22, 23], [25, 26], [28, 29], [31, 32]], "functions": {"create_character": {"executed_lines": [11, 12, 15, 18, 19, 20, 22, 25, 28, 31, 34, 35, 36, 38, 43, 44, 46], "summary": {"covered_lines": 17, "num_statements": 23, "percent_covered": 67.56756756756756, "percent_covered_display": "67.57", "missing_lines": 6, "excluded_lines": 0, "num_branches": 14, "num_partial_branches": 6, "covered_branches": 8, "missing_branches": 6}, "missing_lines": [13, 16, 23, 26, 29, 32], "excluded_lines": [], "executed_branches": [[12, 15], [15, 18], [22, 25], [25, 28], [28, 31], [31, 34], [35, 36], [35, 38]], "missing_branches": [[12, 13], [15, 16], [22, 23], [25, 26], [28, 29], [31, 32]]}, "": {"executed_lines": [1, 3, 4, 6, 9, 10], "summary": {"covered_lines": 6, "num_statements": 6, "percent_covered": 100.0, "percent_covered_display": "100.00", "missing_lines": 0, "excluded_lines": 0, "num_branches": 0, "num_partial_branches": 0, "covered_branches": 0, "missing_branches": 0}, "missing_lines": [], "excluded_lines": [], "executed_branches": [], "missing_branches": []}}, "classes": {"": {"executed_lines": [1, 3, 4, 6, 9, 10, 11, 12, 15, 18, 19, 20, 22, 25, 28, 31, 34, 35, 36, 38, 43, 44, 46], "summary": {"covered_lines": 23, "num_statements": 29, "percent_covered": 72.09302325581395, "percent_covered_display": "72.09", "missing_lines": 6, "excluded_lines": 0, "num_branches": 14, "num_partial_branches": 6, "covered_branches": 8, "missing_branches": 6}, "missing_lines": [13, 16, 23, 26, 29, 32], "excluded_lines": [], "executed_branches": [[12, 15], [15, 18], [22, 25], [25, 28], [28, 31], [31, 34], [35, 36], [35, 38]], "missing_branches": [[12, 13], [15, 16], [22, 23], [25, 26], [28, 29], [31, 32]]}}}, "backend/routes/create_word.py": {"executed_lines": [1, 3, 4, 6, 9, 10, 11, 12, 15, 18, 19, 21, 24, 27, 30, 33, 34, 36, 41, 42, 48, 51, 52, 54, 55, 56, 57, 60, 61, 62, 64, 65, 67], "summary": {"covered_lines": 33, "num_statements": 41, "percent_covered": 73.01587301587301, "percent_covered_display": "73.02", "missing_lines": 8, "excluded_lines": 0, "num_branches": 22, "num_partial_branches": 9, "covered_branches": 13, "missing_branches": 9}, "missing_lines": [13, 16, 22, 25, 28, 31, 49, 58], "excluded_lines": [], "executed_branches": [[12, 15], [15, 18], [21, 24], [24, 27], [27, 30], [30, 33], [41, 42], [41, 48], [48, 51], [55, 56], [55, 64], [57, 60], [60, 61]], "missing_branches": [[12, 13], [15, 16], [21, 22], [24, 25], [27, 28], [30, 31], [48, 49], [57, 58], [60, 55]], "functions": {"create_word": {"executed_lines": [11, 12, 15, 18, 19, 21, 24, 27, 30, 33, 34, 36, 41, 42, 48, 51, 52, 54, 55, 56, 57, 60, 61, 62, 64, 65, 67], "summary": {"covered_lines": 27, "num_statements": 35, "percent_covered": 70.17543859649123, "percent_covered_display": "70.18", "missing_lines": 8, "excluded_lines": 0, "num_branches": 22, "num_partial_branches": 9, "covered_branches": 13, "missing_branches": 9}, "missing_lines": [13, 16, 22, 25, 28, 31, 49, 58], "excluded_lines": [], "executed_branches": [[12, 15], [15, 18], [21, 24], [24, 27], [27, 30], [30, 33], [41, 42], [41, 48], [48, 51], [55, 56], [55, 64], [57, 60], [60, 61]], "missing_branches": [[12, 13], [15, 16], [21, 22], [24, 25], [27, 28], [30, 31], [48, 49], [57, 58], [60, 55]]}, "": {"executed_lines": [1, 3, 4, 6, 9, 10], "summary": {"covered_lines": 6, "num_statements": 6, "percent_covered": 100.0, "percent_covered_display": "100.00", "missing_lines": 0, "excluded_lines": 0, "num_branches": 0, "num_partial_branches": 0, "covered_branches": 0, "missing_branches": 0}, "missing_lines": [], "excluded_lines": [], "executed_branches": [], "missing_branches": []}}, "classes": {"": {"executed_lines": [1, 3, 4, 6, 9, 10, 11, 12, 15, 18, 19, 21, 24, 27, 30, 33, 34, 36, 41, 42, 48, 51, 52, 54, 55, 56, 57, 60, 61, 62, 64, 65, 67], "summary": {"covered_lines": 33, "num_statements": 41, "percent_covered": 73.01587301587301, "percent_covered_display": "73.02", "missing_lines": 8, "excluded_lines": 0, "num_branches": 22, "num_partial_branches": 9, "covered_branches": 13, "missing_branches": 9}, "missing_lines": [13, 16, 22, 25, 28, 31, 49, 58], "excluded_lines": [], "executed_branches": [[12, 15], [15, 18], [21, 24], [24, 27], [27, 30], [30, 33], [41, 42], [41, 48], [48, 51], [55, 56], [55, 64], [57, 60], [60, 61]], "missing_branches": [[12, 13], [15, 16], [21, 22], [24, 25], [27, 28], [30, 31], [48, 49], [57, 58], [60, 55]]}}}, "backend/routes/delete_character.py": {"executed_lines": [1, 3, 4, 6, 9, 10, 11, 12, 13, 15, 16, 17, 19], "summary": {"covered_lines": 13, "num_statements": 13, "percent_covered": 100.0, "percent_covered_display": "100.00", "missing_lines": 0, "excluded_lines": 0, "num_branches": 2, "num_partial_branches": 0, "covered_branches": 2, "missing_branches": 0}, "missing_lines": [], "excluded_lines": [], "executed_branches": [[12, 13], [12, 15]], "missing_branches": [], "functions": {"delete_character": {"executed_lines": [11, 12, 13, 15, 16, 17, 19], "summary": {"covered_lines": 7, "num_statements": 7, "percent_covered": 100.0, "percent_covered_display": "100.00", "missing_lines": 0, "excluded_lines": 0, "num_branches": 2, "num_partial_branches": 0, "covered_branches": 2, "missing_branches": 0}, "missing_lines": [], "excluded_lines": [], "executed_branches": [[12, 13], [12, 15]], "missing_branches": []}, "": {"executed_lines": [1, 3, 4, 6, 9, 10], "summary": {"covered_lines": 6, "num_statements": 6, "percent_covered": 100.0, "percent_covered_display": "100.00", "missing_lines": 0, "excluded_lines": 0, "num_branches": 0, "num_partial_branches": 0, "covered_branches": 0, "missing_branches": 0}, "missing_lines": [], "excluded_lines": [], "executed_branches": [], "missing_branches": []}}, "classes": {"": {"executed_lines": [1, 3, 4, 6, 9, 10, 11, 12, 13, 15, 16, 17, 19], "summary": {"covered_lines": 13, "num_statements": 13, "percent_covered": 100.0, "percent_covered_display": "100.00", "missing_lines": 0, "excluded_lines": 0, "num_branches": 2, "num_partial_branches": 0, "covered_branches": 2, "missing_branches": 0}, "missing_lines": [], "excluded_lines": [], "executed_branches": [[12, 13], [12, 15]], "missing_branches": []}}}, "backend/routes/delete_word.py": {"executed_lines": [1, 3, 4, 6, 9, 10, 11, 12, 13, 15, 16, 17, 19], "summary": {"covered_lines": 13, "num_statements": 13, "percent_covered": 100.0, "percent_covered_display": "100.00", "missing_lines": 0, "excluded_lines": 0, "num_branches": 2, "num_partial_branches": 0, "covered_branches": 2, "missing_branches": 0}, "missing_lines": [], "excluded_lines": [], "executed_branches": [[12, 13], [12, 15]], "missing_branches": [], "functions": {"delete_word": {"executed_lines": [11, 12, 13, 15, 16, 17, 19], "summary": {"covered_lines": 7, "num_statements": 7, "percent_covered": 100.0, "percent_covered_display": "100.00", "missing_lines": 0, "excluded_lines": 0, "num_branches": 2, "num_partial_branches": 0, "covered_branches": 2, "missing_branches": 0}, "missing_lines": [], "excluded_lines": [], "executed_branches": [[12, 13], [12, 15]], "missing_branches": []}, "": {"executed_lines": [1, 3, 4, 6, 9, 10], "summary": {"covered_lines": 6, "num_statements": 6, "percent_covered": 100.0, "percent_covered_display": "100.00", "missing_lines": 0, "excluded_lines": 0, "num_branches": 0, "num_partial_branches": 0, "covered_branches": 0, "missing_branches": 0}, "missing_lines": [], "excluded_lines": [], "executed_branches": [], "missing_branches": []}}, "classes": {"": {"executed_lines": [1, 3, 4, 6, 9, 10, 11, 12, 13, 15, 16, 17, 19], "summary": {"covered_lines": 13, "num_statements": 13, "percent_covered": 100.0, "percent_covered_display": "100.00", "missing_lines": 0, "excluded_lines": 0, "num_branches": 2, "num_partial_branches": 0, "covered_branches": 2, "missing_branches": 0}, "missing_lines": [], "excluded_lines": [], "executed_branches": [[12, 13], [12, 15]], "missing_branches": []}}}, "backend/routes/health.py": {"executed_lines": [1, 3, 6, 7], "summary": {"covered_lines": 4, "num_statements": 5, "percent_covered": 80.0, "percent_covered_display": "80.00", "missing_lines": 1, "excluded_lines": 0, "num_branches": 0, "num_partial_branches": 0, "covered_branches": 0, "missing_branches": 0}, "missing_lines": [8], "excluded_lines": [], "executed_branches": [], "missing_branches": [], "functions": {"health": {"executed_lines": [], "summary": {"covered_lines": 0, "num_statements": 1, "percent_covered": 0.0, "percent_covered_display": "0.00", "missing_lines": 1, "excluded_lines": 0, "num_branches": 0, "num_partial_branches": 0, "covered_branches": 0, "missing_branches": 0}, "missing_lines": [8], "excluded_lines": [], "executed_branches": [], "missing_branches": []}, "": {"executed_lines": [1, 3, 6, 7], "summary": {"covered_lines": 4, "num_statements": 4, "percent_covered": 100.0, "percent_covered_display": "100.00", "missing_lines": 0, "excluded_lines": 0, "num_branches": 0, "num_partial_branches": 0, "covered_branches": 0, "missing_branches": 0}, "missing_lines": [], "excluded_lines": [], "executed_branches": [], "missing_branches": []}}, "classes": {"": {"executed_lines": [1, 3, 6, 7], "summary": {"covered_lines": 4, "num_statements": 5, "percent_covered": 80.0, "percent_covered_display": "80.00", "missing_lines": 1, "excluded_lines": 0, "num_branches": 0, "num_partial_branches": 0, "covered_branches": 0, "missing_branches": 0}, "missing_lines": [8], "excluded_lines": [], "executed_branches": [], "missing_branches": []}}}, "backend/routes/list_characters.py": {"executed_lines": [1, 3, 5, 8, 9, 10, 11], "summary": {"covered_lines": 7, "num_statements": 7, "percent_covered": 100.0, "percent_covered_display": "100.00", "missing_lines": 0, "excluded_lines": 0, "num_branches": 0, "num_partial_branches": 0, "covered_branches": 0, "missing_branches": 0}, "missing_lines": [], "excluded_lines": [], "executed_branches": [], "missing_branches": [], "functions": {"list_characters": {"executed_lines": [10, 11], "summary": {"covered_lines": 2, "num_statements": 2, "percent_covered": 100.0, "percent_covered_display": "100.00", "missing_lines": 0, "excluded_lines": 0, "num_branches": 0, "num_partial_branches": 0, "covered_branches": 0, "missing_branches": 0}, "missing_lines": [], "excluded_lines": [], "executed_branches": [], "missing_branches": []}, "": {"executed_lines": [1, 3, 5, 8, 9], "summary": {"covered_lines": 5, "num_statements": 5, "percent_covered": 100.0, "percent_covered_display": "100.00", "missing_lines": 0, "excluded_lines": 0, "num_branches": 0, "num_partial_branches": 0, "covered_branches": 0, "missing_branches": 0}, "missing_lines": [], "excluded_lines": [], "executed_branches": [], "missing_branches": []}}, "classes": {"": {"executed_lines": [1, 3, 5, 8, 9, 10, 11], "summary": {"covered_lines": 7, "num_statements": 7, "percent_covered": 100.0, "percent_covered_display": "100.00", "missing_lines": 0, "excluded_lines": 0, "num_branches": 0, "num_partial_branches": 0, "covered_branches": 0, "missing_branches": 0}, "missing_lines": [], "excluded_lines": [], "executed_branches": [], "missing_branches": []}}}, "backend/routes/list_words.py": {"executed_lines": [1, 3, 5, 8, 9, 10, 11], "summary": {"covered_lines": 7, "num_statements": 7, "percent_covered": 100.0, "percent_covered_display": "100.00", "missing_lines": 0, "excluded_lines": 0, "num_branches": 0, "num_partial_branches": 0, "covered_branches": 0, "missing_branches": 0}, "missing_lines": [], "excluded_lines": [], "executed_branches": [], "missing_branches": [], "functions": {"list_words": {"executed_lines": [10, 11], "summary": {"covered_lines": 2, "num_statements": 2, "percent_covered": 100.0, "percent_covered_display": "100.00", "missing_lines": 0, "excluded_lines": 0, "num_branches": 0, "num_partial_branches": 0, "covered_branches": 0, "missing_branches": 0}, "missing_lines": [], "excluded_lines": [], "executed_branches": [], "missing_branches": []}, "": {"executed_lines": [1, 3, 5, 8, 9], "summary": {"covered_lines": 5, "num_statements": 5, "percent_covered": 100.0, "percent_covered_display": "100.00", "missing_lines": 0, "excluded_lines": 0, "num_branches": 0, "num_partial_branches": 0, "covered_branches": 0, "missing_branches": 0}, "missing_lines": [], "excluded_lines": [], "executed_branches": [], "missing_branches": []}}, "classes": {"": {"executed_lines": [1, 3, 5, 8, 9, 10, 11], "summary": {"covered_lines": 7, "num_statements": 7, "percent_covered": 100.0, "percent_covered_display": "100.00", "missing_lines": 0, "excluded_lines": 0, "num_branches": 0, "num_partial_branches": 0, "covered_branches": 0, "missing_branches": 0}, "missing_lines": [], "excluded_lines": [], "executed_branches": [], "missing_branches": []}}}, "backend/routes/update_character.py": {"executed_lines": [1, 3, 4, 6, 9, 10, 11, 12, 13, 15, 16, 19, 20, 22, 23, 25, 28, 31, 34, 35, 36, 37, 39], "summary": {"covered_lines": 23, "num_statements": 27, "percent_covered": 79.48717948717949, "percent_covered_display": "79.49", "missing_lines": 4, "excluded_lines": 0, "num_branches": 12, "num_partial_branches": 4, "covered_branches": 8, "missing_branches": 4}, "missing_lines": [17, 26, 29, 32], "excluded_lines": [], "executed_branches": [[12, 13], [12, 15], [16, 19], [19, 20], [19, 22], [25, 28], [28, 31], [31, 34]], "missing_branches": [[16, 17], [25, 26], [28, 29], [31, 32]], "functions": {"update_character": {"executed_lines": [11, 12, 13, 15, 16, 19, 20, 22, 23, 25, 28, 31, 34, 35, 36, 37, 39], "summary": {"covered_lines": 17, "num_statements": 21, "percent_covered": 75.75757575757575, "percent_covered_display": "75.76", "missing_lines": 4, "excluded_lines": 0, "num_branches": 12, "num_partial_branches": 4, "covered_branches": 8, "missing_branches": 4}, "missing_lines": [17, 26, 29, 32], "excluded_lines": [], "executed_branches": [[12, 13], [12, 15], [16, 19], [19, 20], [19, 22], [25, 28], [28, 31], [31, 34]], "missing_branches": [[16, 17], [25, 26], [28, 29], [31, 32]]}, "": {"executed_lines": [1, 3, 4, 6, 9, 10], "summary": {"covered_lines": 6, "num_statements": 6, "percent_covered": 100.0, "percent_covered_display": "100.00", "missing_lines": 0, "excluded_lines": 0, "num_branches": 0, "num_partial_branches": 0, "covered_branches": 0, "missing_branches": 0}, "missing_lines": [], "excluded_lines": [], "executed_branches": [], "missing_branches": []}}, "classes": {"": {"executed_lines": [1, 3, 4, 6, 9, 10, 11, 12, 13, 15, 16, 19, 20, 22, 23, 25, 28, 31, 34, 35, 36, 37, 39], "summary": {"covered_lines": 23, "num_statements": 27, "percent_covered": 79.48717948717949, "percent_covered_display": "79.49", "missing_lines": 4, "excluded_lines": 0, "num_branches": 12, "num_partial_branches": 4, "covered_branches": 8, "missing_branches": 4}, "missing_lines": [17, 26, 29, 32], "excluded_lines": [], "executed_branches": [[12, 13], [12, 15], [16, 19], [19, 20], [19, 22], [25, 28], [28, 31], [31, 34]], "missing_branches": [[16, 17], [25, 26], [28, 29], [31, 32]]}}}, "backend/routes/update_word.py": {"executed_lines": [1, 3, 4, 6, 9, 10, 11, 12, 13, 15, 16, 19, 20, 22, 24, 27, 30, 31, 32, 34], "summary": {"covered_lines": 20, "num_statements": 23, "percent_covered": 81.81818181818181, "percent_covered_display": "81.82", "missing_lines": 3, "excluded_lines": 0, "num_branches": 10, "num_partial_branches": 3, "covered_branches": 7, "missing_branches": 3}, "missing_lines": [17, 25, 28], "excluded_lines": [], "executed_branches": [[12, 13], [12, 15], [16, 19], [19, 20], [19, 22], [24, 27], [27, 30]], "missing_branches": [[16, 17], [24, 25], [27, 28]], "functions": {"update_word": {"executed_lines": [11, 12, 13, 15, 16, 19, 20, 22, 24, 27, 30, 31, 32, 34], "summary": {"covered_lines": 14, "num_statements": 17, "percent_covered": 77.77777777777777, "percent_covered_display": "77.78", "missing_lines": 3, "excluded_lines": 0, "num_branches": 10, "num_partial_branches": 3, "covered_branches": 7, "missing_branches": 3}, "missing_lines": [17, 25, 28], "excluded_lines": [], "executed_branches": [[12, 13], [12, 15], [16, 19], [19, 20], [19, 22], [24, 27], [27, 30]], "missing_branches": [[16, 17], [24, 25], [27, 28]]}, "": {"executed_lines": [1, 3, 4, 6, 9, 10], "summary": {"covered_lines": 6, "num_statements": 6, "percent_covered": 100.0, "percent_covered_display": "100.00", "missing_lines": 0, "excluded_lines": 0, "num_branches": 0, "num_partial_branches": 0, "covered_branches": 0, "missing_branches": 0}, "missing_lines": [], "excluded_lines": [], "executed_branches": [], "missing_branches": []}}, "classes": {"": {"executed_lines": [1, 3, 4, 6, 9, 10, 11, 12, 13, 15, 16, 19, 20, 22, 24, 27, 30, 31, 32, 34], "summary": {"covered_lines": 20, "num_statements": 23, "percent_covered": 81.81818181818181, "percent_covered_display": "81.82", "missing_lines": 3, "excluded_lines": 0, "num_branches": 10, "num_partial_branches": 3, "covered_branches": 7, "missing_branches": 3}, "missing_lines": [17, 25, 28], "excluded_lines": [], "executed_branches": [[12, 13], [12, 15], [16, 19], [19, 20], [19, 22], [24, 27], [27, 30]], "missing_branches": [[16, 17], [24, 25], [27, 28]]}}}, "backend/test_coverage.py": {"executed_lines": [2, 4, 6, 7, 8, 9, 11, 12, 13, 16, 17, 18, 19, 20, 21, 22, 30, 31, 32, 33, 35, 37, 45, 48, 49, 66, 67, 72, 73, 78, 79, 80, 83], "summary": {"covered_lines": 32, "num_statements": 33, "percent_covered": 94.87179487179488, "percent_covered_display": "94.87", "missing_lines": 1, "excluded_lines": 0, "num_branches": 6, "num_partial_branches": 1, "covered_branches": 5, "missing_branches": 1}, "missing_lines": [84], "excluded_lines": [], "executed_branches": [[30, 31], [30, 32], [32, 33], [32, 35], [83, -2]], "missing_branches": [[83, 84]], "functions": {"write_summary": {"executed_lines": [17, 18, 19, 20, 21, 22, 30, 31, 32, 33, 35, 37, 45], "summary": {"covered_lines": 13, "num_statements": 13, "percent_covered": 100.0, "percent_covered_display": "100.00", "missing_lines": 0, "excluded_lines": 0, "num_branches": 4, "num_partial_branches": 0, "covered_branches": 4, "missing_branches": 0}, "missing_lines": [], "excluded_lines": [], "executed_branches": [[30, 31], [30, 32], [32, 33], [32, 35]], "missing_branches": []}, "main": {"executed_lines": [49, 66, 67, 72, 73, 78, 79, 80], "summary": {"covered_lines": 8, "num_statements": 8, "percent_covered": 100.0, "percent_covered_display": "100.00", "missing_lines": 0, "excluded_lines": 0, "num_branches": 0, "num_partial_branches": 0, "covered_branches": 0, "missing_branches": 0}, "missing_lines": [], "excluded_lines": [], "executed_branches": [], "missing_branches": []}, "": {"executed_lines": [2, 4, 6, 7, 8, 9, 11, 12, 13, 16, 48, 83], "summary": {"covered_lines": 11, "num_statements": 12, "percent_covered": 85.71428571428571, "percent_covered_display": "85.71", "missing_lines": 1, "excluded_lines": 0, "num_branches": 2, "num_partial_branches": 1, "covered_branches": 1, "missing_branches": 1}, "missing_lines": [84], "excluded_lines": [], "executed_branches": [[83, -2]], "missing_branches": [[83, 84]]}}, "classes": {"": {"executed_lines": [2, 4, 6, 7, 8, 9, 11, 12, 13, 16, 17, 18, 19, 20, 21, 22, 30, 31, 32, 33, 35, 37, 45, 48, 49, 66, 67, 72, 73, 78, 79, 80, 83], "summary": {"covered_lines": 32, "num_statements": 33, "percent_covered": 94.87179487179488, "percent_covered_display": "94.87", "missing_lines": 1, "excluded_lines": 0, "num_branches": 6, "num_partial_branches": 1, "covered_branches": 5, "missing_branches": 1}, "missing_lines": [84], "excluded_lines": [], "executed_branches": [[30, 31], [30, 32], [32, 33], [32, 35], [83, -2]], "missing_branches": [[83, 84]]}}}}, "totals": {"covered_lines": 269, "num_statements": 311, "percent_covered": 81.79551122194513, "percent_covered_display": "81.80", "missing_lines": 42, "excluded_lines": 0, "num_branches": 90, "num_partial_branches": 27, "covered_branches": 59, "missing_branches": 31}}