{"meta": {"format": 3, "version": "7.8.0", "timestamp": "2026-07-23T19:29:12.277616", "branch_coverage": true, "show_contexts": false}, "files": {"backend/__init__.py": {"executed_lines": [1, 2, 3, 5, 6, 8, 9, 10, 11, 12, 14], "summary": {"covered_lines": 11, "num_statements": 11, "percent_covered": 100.0, "percent_covered_display": "100.00", "missing_lines": 0, "excluded_lines": 0, "num_branches": 0, "num_partial_branches": 0, "covered_branches": 0, "missing_branches": 0}, "missing_lines": [], "excluded_lines": [], "executed_branches": [], "missing_branches": [], "functions": {"create_app": {"executed_lines": [2, 3, 5, 6, 8, 9, 10, 11, 12, 14], "summary": {"covered_lines": 10, "num_statements": 10, "percent_covered": 100.0, "percent_covered_display": "100.00", "missing_lines": 0, "excluded_lines": 0, "num_branches": 0, "num_partial_branches": 0, "covered_branches": 0, "missing_branches": 0}, "missing_lines": [], "excluded_lines": [], "executed_branches": [], "missing_branches": []}, "": {"executed_lines": [1], "summary": {"covered_lines": 1, "num_statements": 1, "percent_covered": 100.0, "percent_covered_display": "100.00", "missing_lines": 0, "excluded_lines": 0, "num_branches": 0, "num_partial_branches": 0, "covered_branches": 0, "missing_branches": 0}, "missing_lines": [], "excluded_lines": [], "executed_branches": [], "missing_branches": []}}, "classes": {"": {"executed_lines": [1, 2, 3, 5, 6, 8, 9, 10, 11, 12, 14], "summary": {"covered_lines": 11, "num_statements": 11, "percent_covered": 100.0, "percent_covered_display": "100.00", "missing_lines": 0, "excluded_lines": 0, "num_branches": 0, "num_partial_branches": 0, "covered_branches": 0, "missing_branches": 0}, "missing_lines": [], "excluded_lines": [], "executed_branches": [], "missing_branches": []}}}, "backend/app.py": {"executed_lines": [1, 3, 5, 7], "summary": {"covered_lines": 4, "num_statements": 6, "percent_covered": 62.5, "percent_covered_display": "62.50", "missing_lines": 2, "excluded_lines": 0, "num_branches": 2, "num_partial_branches": 1, "covered_branches": 1, "missing_branches": 1}, "missing_lines": [8, 9], "excluded_lines": [], "executed_branches": [[7, -1]], "missing_branches": [[7, 8]], "functions": {"": {"executed_lines": [1, 3, 5, 7], "summary": {"covered_lines": 4, "num_statements": 6, "percent_covered": 62.5, "percent_covered_display": "62.50", "missing_lines": 2, "excluded_lines": 0, "num_branches": 2, "num_partial_branches": 1, "covered_branches": 1, "missing_branches": 1}, "missing_lines": [8, 9], "excluded_lines": [], "executed_branches": [[7, -1]], "missing_branches": [[7, 8]]}}, "classes": {"": {"executed_lines": [1, 3, 5, 7], "summary": {"covered_lines": 4, "num_statements": 6, "percent_covered": 62.5, "percent_covered_display": "62.50", "missing_lines": 2, "excluded_lines": 0, "num_branches": 2, "num_partial_branches": 1, "covered_branches": 1, "missing_branches": 1}, "missing_lines": [8, 9], "excluded_lines": [], "executed_branches": [[7, -1]], "missing_branches": [[7, 8]]}}}, "backend/chat_agents.py": {"executed_lines": [1, 28, 29, 30, 31, 32, 35, 36, 38, 39, 40], "summary": {"covered_lines": 11, "num_statements": 11, "percent_covered": 100.0, "percent_covered_display": "100.00", "missing_lines": 0, "excluded_lines": 0, "num_branches": 2, "num_partial_branches": 0, "covered_branches": 2, "missing_branches": 0}, "missing_lines": [], "excluded_lines": [], "executed_branches": [[30, 31], [30, 32]], "missing_branches": [], "functions": {"get_character": {"executed_lines": [29, 30, 31, 32], "summary": {"covered_lines": 4, "num_statements": 4, "percent_covered": 100.0, "percent_covered_display": "100.00", "missing_lines": 0, "excluded_lines": 0, "num_branches": 2, "num_partial_branches": 0, "covered_branches": 2, "missing_branches": 0}, "missing_lines": [], "excluded_lines": [], "executed_branches": [[30, 31], [30, 32]], "missing_branches": []}, "get_system_prompt": {"executed_lines": [36, 38, 39, 40], "summary": {"covered_lines": 4, "num_statements": 4, "percent_covered": 100.0, "percent_covered_display": "100.00", "missing_lines": 0, "excluded_lines": 0, "num_branches": 0, "num_partial_branches": 0, "covered_branches": 0, "missing_branches": 0}, "missing_lines": [], "excluded_lines": [], "executed_branches": [], "missing_branches": []}, "": {"executed_lines": [1, 28, 35], "summary": {"covered_lines": 3, "num_statements": 3, "percent_covered": 100.0, "percent_covered_display": "100.00", "missing_lines": 0, "excluded_lines": 0, "num_branches": 0, "num_partial_branches": 0, "covered_branches": 0, "missing_branches": 0}, "missing_lines": [], "excluded_lines": [], "executed_branches": [], "missing_branches": []}}, "classes": {"": {"executed_lines": [1, 28, 29, 30, 31, 32, 35, 36, 38, 39, 40], "summary": {"covered_lines": 11, "num_statements": 11, "percent_covered": 100.0, "percent_covered_display": "100.00", "missing_lines": 0, "excluded_lines": 0, "num_branches": 2, "num_partial_branches": 0, "covered_branches": 2, "missing_branches": 0}, "missing_lines": [], "excluded_lines": [], "executed_branches": [[30, 31], [30, 32]], "missing_branches": []}}}, "backend/chat_service.py": {"executed_lines": [1, 2, 3, 5, 7, 8, 9, 10, 12, 13, 14, 15, 24, 25, 26, 27, 30, 31, 32, 33, 35, 36, 37, 38, 39, 42, 43, 45, 46, 47, 48, 63, 68, 71, 72, 75, 76, 77, 85, 89, 93, 96, 97, 98, 99, 100, 102, 103, 104, 105, 107, 108, 110, 113, 115, 116, 119, 128, 129, 131, 132, 135, 136, 138, 139, 144, 147, 151, 154, 156, 157, 158, 160, 163, 166, 167, 169, 171, 172, 174, 175, 176, 178, 179, 181, 182, 184, 185, 186, 188, 189, 191, 192, 194, 195, 198, 200, 201], "summary": {"covered_lines": 98, "num_statements": 112, "percent_covered": 80.76923076923077, "percent_covered_display": "80.77", "missing_lines": 14, "excluded_lines": 0, "num_branches": 44, "num_partial_branches": 12, "covered_branches": 28, "missing_branches": 16}, "missing_lines": [50, 51, 56, 57, 58, 60, 69, 109, 117, 133, 140, 152, 161, 164], "excluded_lines": [], "executed_branches": [[37, 38], [45, 46], [47, 48], [68, 71], [99, 100], [99, 102], [104, 105], [108, 110], [116, 119], [132, 135], [135, 136], [135, 138], [139, 144], [151, 154], [156, 157], [156, 171], [160, 163], [163, 166], [166, 167], [166, 169], [171, 172], [171, 174], [178, 179], [178, 181], [188, 189], [188, 191], [191, 192], [191, 194]], "missing_branches": [[37, 39], [45, 50], [47, 50], [50, 51], [50, 60], [57, 58], [57, 60], [68, 69], [104, 107], [108, 109], [116, 117], [132, 133], [139, 140], [151, 152], [160, 161], [163, 164]], "functions": {"GrammarCorrection.to_dict": {"executed_lines": [36, 37, 38, 39], "summary": {"covered_lines": 4, "num_statements": 4, "percent_covered": 83.33333333333333, "percent_covered_display": "83.33", "missing_lines": 0, "excluded_lines": 0, "num_branches": 2, "num_partial_branches": 1, "covered_branches": 1, "missing_branches": 1}, "missing_lines": [], "excluded_lines": [], "executed_branches": [[37, 38]], "missing_branches": [[37, 39]]}, "_llm_response_text": {"executed_lines": [43, 45, 46, 47, 48], "summary": {"covered_lines": 5, "num_statements": 11, "percent_covered": 36.8421052631579, "percent_covered_display": "36.84", "missing_lines": 6, "excluded_lines": 0, "num_branches": 8, "num_partial_branches": 2, "covered_branches": 2, "missing_branches": 6}, "missing_lines": [50, 51, 56, 57, 58, 60], "excluded_lines": [], "executed_branches": [[45, 46], [47, 48]], "missing_branches": [[45, 50], [47, 50], [50, 51], [50, 60], [57, 58], [57, 60]]}, "find_unknown_characters": {"executed_lines": [68, 71, 72], "summary": {"covered_lines": 3, "num_statements": 4, "percent_covered": 66.66666666666667, "percent_covered_display": "66.67", "missing_lines": 1, "excluded_lines": 0, "num_branches": 2, "num_partial_branches": 1, "covered_branches": 1, "missing_branches": 1}, "missing_lines": [69], "excluded_lines": [], "executed_branches": [[68, 71]], "missing_branches": [[68, 69]]}, "_rephrase_instruction": {"executed_lines": [76, 77], "summary": {"covered_lines": 2, "num_statements": 2, "percent_covered": 100.0, "percent_covered_display": "100.00", "missing_lines": 0, "excluded_lines": 0, "num_branches": 0, "num_partial_branches": 0, "covered_branches": 0, "missing_branches": 0}, "missing_lines": [], "excluded_lines": [], "executed_branches": [], "missing_branches": []}, "_best_attempt": {"executed_lines": [89, 93], "summary": {"covered_lines": 2, "num_statements": 2, "percent_covered": 100.0, "percent_covered_display": "100.00", "missing_lines": 0, "excluded_lines": 0, "num_branches": 0, "num_partial_branches": 0, "covered_branches": 0, "missing_branches": 0}, "missing_lines": [], "excluded_lines": [], "executed_branches": [], "missing_branches": []}, "_extract_json_object": {"executed_lines": [97, 98, 99, 100, 102, 103, 104, 105, 107, 108, 110], "summary": {"covered_lines": 11, "num_statements": 12, "percent_covered": 83.33333333333333, "percent_covered_display": "83.33", "missing_lines": 1, "excluded_lines": 0, "num_branches": 6, "num_partial_branches": 2, "covered_branches": 4, "missing_branches": 2}, "missing_lines": [109], "excluded_lines": [], "executed_branches": [[99, 100], [99, 102], [104, 105], [108, 110]], "missing_branches": [[104, 107], [108, 109]]}, "check_user_grammar": {"executed_lines": [115, 116, 119, 128, 129, 131, 132, 135, 136, 138, 139, 144], "summary": {"covered_lines": 12, "num_statements": 15, "percent_covered": 73.91304347826087, "percent_covered_display": "73.91", "missing_lines": 3, "excluded_lines": 0, "num_branches": 8, "num_partial_branches": 3, "covered_branches": 5, "missing_branches": 3}, "missing_lines": [117, 133, 140], "excluded_lines": [], "executed_branches": [[116, 119], [132, 135], [135, 136], [135, 138], [139, 144]], "missing_branches": [[116, 117], [132, 133], [139, 140]]}, "generate_chat_reply": {"executed_lines": [151, 154, 156, 157, 158, 160, 163, 166, 167, 169, 171, 172, 174, 175, 176, 178, 179, 181, 182, 184, 185, 186, 188, 189, 191, 192, 194, 195, 198, 200, 201], "summary": {"covered_lines": 31, "num_statements": 34, "percent_covered": 88.46153846153847, "percent_covered_display": "88.46", "missing_lines": 3, "excluded_lines": 0, "num_branches": 18, "num_partial_branches": 3, "covered_branches": 15, "missing_branches": 3}, "missing_lines": [152, 161, 164], "excluded_lines": [], "executed_branches": [[151, 154], [156, 157], [156, 171], [160, 163], [163, 166], [166, 167], [166, 169], [171, 172], [171, 174], [178, 179], [178, 181], [188, 189], [188, 191], [191, 192], [191, 194]], "missing_branches": [[151, 152], [160, 161], [163, 164]]}, "": {"executed_lines": [1, 2, 3, 5, 7, 8, 9, 10, 12, 13, 14, 15, 24, 25, 26, 27, 30, 31, 32, 33, 35, 42, 63, 75, 85, 96, 113, 147], "summary": {"covered_lines": 28, "num_statements": 28, "percent_covered": 100.0, "percent_covered_display": "100.00", "missing_lines": 0, "excluded_lines": 0, "num_branches": 0, "num_partial_branches": 0, "covered_branches": 0, "missing_branches": 0}, "missing_lines": [], "excluded_lines": [], "executed_branches": [], "missing_branches": []}}, "classes": {"ChatReplyResult": {"executed_lines": [], "summary": {"covered_lines": 0, "num_statements": 0, "percent_covered": 100.0, "percent_covered_display": "100.00", "missing_lines": 0, "excluded_lines": 0, "num_branches": 0, "num_partial_branches": 0, "covered_branches": 0, "missing_branches": 0}, "missing_lines": [], "excluded_lines": [], "executed_branches": [], "missing_branches": []}, "GrammarCorrection": {"executed_lines": [36, 37, 38, 39], "summary": {"covered_lines": 4, "num_statements": 4, "percent_covered": 83.33333333333333, "percent_covered_display": "83.33", "missing_lines": 0, "excluded_lines": 0, "num_branches": 2, "num_partial_branches": 1, "covered_branches": 1, "missing_branches": 1}, "missing_lines": [], "excluded_lines": [], "executed_branches": [[37, 38]], "missing_branches": [[37, 39]]}, "": {"executed_lines": [1, 2, 3, 5, 7, 8, 9, 10, 12, 13, 14, 15, 24, 25, 26, 27, 30, 31, 32, 33, 35, 42, 43, 45, 46, 47, 48, 63, 68, 71, 72, 75, 76, 77, 85, 89, 93, 96, 97, 98, 99, 100, 102, 103, 104, 105, 107, 108, 110, 113, 115, 116, 119, 128, 129, 131, 132, 135, 136, 138, 139, 144, 147, 151, 154, 156, 157, 158, 160, 163, 166, 167, 169, 171, 172, 174, 175, 176, 178, 179, 181, 182, 184, 185, 186, 188, 189, 191, 192, 194, 195, 198, 200, 201], "summary": {"covered_lines": 94, "num_statements": 108, "percent_covered": 80.66666666666667, "percent_covered_display": "80.67", "missing_lines": 14, "excluded_lines": 0, "num_branches": 42, "num_partial_branches": 11, "covered_branches": 27, "missing_branches": 15}, "missing_lines": [50, 51, 56, 57, 58, 60, 69, 109, 117, 133, 140, 152, 161, 164], "excluded_lines": [], "executed_branches": [[45, 46], [47, 48], [68, 71], [99, 100], [99, 102], [104, 105], [108, 110], [116, 119], [132, 135], [135, 136], [135, 138], [139, 144], [151, 154], [156, 157], [156, 171], [160, 163], [163, 166], [166, 167], [166, 169], [171, 172], [171, 174], [178, 179], [178, 181], [188, 189], [188, 191], [191, 192], [191, 194]], "missing_branches": [[45, 50], [47, 50], [50, 51], [50, 60], [57, 58], [57, 60], [68, 69], [104, 107], [108, 109], [116, 117], [132, 133], [139, 140], [151, 152], [160, 161], [163, 164]]}}}, "backend/chinese_validation.py": {"executed_lines": [1, 3, 10, 19, 20, 23, 24, 27, 28], "summary": {"covered_lines": 9, "num_statements": 9, "percent_covered": 100.0, "percent_covered_display": "100.00", "missing_lines": 0, "excluded_lines": 0, "num_branches": 0, "num_partial_branches": 0, "covered_branches": 0, "missing_branches": 0}, "missing_lines": [], "excluded_lines": [], "executed_branches": [], "missing_branches": [], "functions": {"is_han_character": {"executed_lines": [20], "summary": {"covered_lines": 1, "num_statements": 1, "percent_covered": 100.0, "percent_covered_display": "100.00", "missing_lines": 0, "excluded_lines": 0, "num_branches": 0, "num_partial_branches": 0, "covered_branches": 0, "missing_branches": 0}, "missing_lines": [], "excluded_lines": [], "executed_branches": [], "missing_branches": []}, "is_han_text": {"executed_lines": [24], "summary": {"covered_lines": 1, "num_statements": 1, "percent_covered": 100.0, "percent_covered_display": "100.00", "missing_lines": 0, "excluded_lines": 0, "num_branches": 0, "num_partial_branches": 0, "covered_branches": 0, "missing_branches": 0}, "missing_lines": [], "excluded_lines": [], "executed_branches": [], "missing_branches": []}, "extract_han_characters": {"executed_lines": [28], "summary": {"covered_lines": 1, "num_statements": 1, "percent_covered": 100.0, "percent_covered_display": "100.00", "missing_lines": 0, "excluded_lines": 0, "num_branches": 0, "num_partial_branches": 0, "covered_branches": 0, "missing_branches": 0}, "missing_lines": [], "excluded_lines": [], "executed_branches": [], "missing_branches": []}, "": {"executed_lines": [1, 3, 10, 19, 23, 27], "summary": {"covered_lines": 6, "num_statements": 6, "percent_covered": 100.0, "percent_covered_display": "100.00", "missing_lines": 0, "excluded_lines": 0, "num_branches": 0, "num_partial_branches": 0, "covered_branches": 0, "missing_branches": 0}, "missing_lines": [], "excluded_lines": [], "executed_branches": [], "missing_branches": []}}, "classes": {"": {"executed_lines": [1, 3, 10, 19, 20, 23, 24, 27, 28], "summary": {"covered_lines": 9, "num_statements": 9, "percent_covered": 100.0, "percent_covered_display": "100.00", "missing_lines": 0, "excluded_lines": 0, "num_branches": 0, "num_partial_branches": 0, "covered_branches": 0, "missing_branches": 0}, "missing_lines": [], "excluded_lines": [], "executed_branches": [], "missing_branches": []}}}, "backend/conversation_logs.py": {"executed_lines": [1, 2, 3, 4, 6, 8, 15, 16, 17, 19, 20, 23, 24, 27, 28, 31, 32, 35, 38, 39, 42, 45, 46, 49, 52, 55, 56, 59, 60, 61, 64, 65, 66, 71, 72, 80, 81, 84, 85, 86, 89, 90, 91, 93, 96, 97, 100, 101, 102, 107, 112, 113, 116, 117, 118, 119, 122, 128, 131, 132, 135, 138, 139, 140, 143, 148, 149, 150, 151, 152, 155, 156, 157, 158, 160, 161, 163, 164, 167, 168, 169, 170, 171, 173, 174, 175, 176, 180, 181, 182, 183, 184, 186, 187, 188, 190, 191, 193, 196, 197, 198, 199, 200, 201, 204, 205, 206, 207, 209, 210, 211, 212, 213, 214, 215, 217, 220, 227, 230, 231, 233, 238, 239, 241, 242, 243, 244, 247, 248, 249, 250, 252, 253, 254, 257, 261, 262, 265, 266, 272], "summary": {"covered_lines": 140, "num_statements": 162, "percent_covered": 80.8695652173913, "percent_covered_display": "80.87", "missing_lines": 22, "excluded_lines": 0, "num_branches": 68, "num_partial_branches": 20, "covered_branches": 46, "missing_branches": 22}, "missing_lines": [33, 40, 47, 50, 77, 82, 87, 103, 104, 114, 129, 133, 136, 165, 228, 236, 263, 277, 278, 279, 281, 282], "excluded_lines": [], "executed_branches": [[32, 35], [39, 42], [46, 49], [49, 52], [65, 66], [65, 71], [71, 72], [81, 84], [85, 86], [85, 93], [86, 89], [90, 91], [113, 116], [128, 131], [132, 135], [135, 138], [157, 158], [157, 160], [163, 164], [163, 190], [164, 167], [167, 168], [167, 173], [168, 169], [173, 174], [173, 186], [174, 175], [187, 188], [190, 191], [190, 193], [200, 201], [209, 210], [209, 217], [214, 209], [214, 215], [227, 230], [230, 231], [230, 233], [233, 238], [243, -220], [243, 244], [249, 250], [249, 252], [253, -247], [253, 254], [262, 265]], "missing_branches": [[32, 33], [39, 40], [46, 47], [49, 50], [71, 77], [81, 82], [86, 87], [90, 85], [113, 114], [128, 129], [132, 133], [135, 136], [164, 165], [168, 171], [174, 184], [187, 163], [200, -196], [227, 228], [233, 236], [262, 263], [278, 279], [278, 281]], "functions": {"_unescape_content": {"executed_lines": [24], "summary": {"covered_lines": 1, "num_statements": 1, "percent_covered": 100.0, "percent_covered_display": "100.00", "missing_lines": 0, "excluded_lines": 0, "num_branches": 0, "num_partial_branches": 0, "covered_branches": 0, "missing_branches": 0}, "missing_lines": [], "excluded_lines": [], "executed_branches": [], "missing_branches": []}, "_escape_content": {"executed_lines": [28], "summary": {"covered_lines": 1, "num_statements": 1, "percent_covered": 100.0, "percent_covered_display": "100.00", "missing_lines": 0, "excluded_lines": 0, "num_branches": 0, "num_partial_branches": 0, "covered_branches": 0, "missing_branches": 0}, "missing_lines": [], "excluded_lines": [], "executed_branches": [], "missing_branches": []}, "get_log_file": {"executed_lines": [32, 35], "summary": {"covered_lines": 2, "num_statements": 3, "percent_covered": 60.0, "percent_covered_display": "60.00", "missing_lines": 1, "excluded_lines": 0, "num_branches": 2, "num_partial_branches": 1, "covered_branches": 1, "missing_branches": 1}, "missing_lines": [33], "excluded_lines": [], "executed_branches": [[32, 35]], "missing_branches": [[32, 33]]}, "get_threads_dir": {"executed_lines": [39, 42], "summary": {"covered_lines": 2, "num_statements": 3, "percent_covered": 60.0, "percent_covered_display": "60.00", "missing_lines": 1, "excluded_lines": 0, "num_branches": 2, "num_partial_branches": 1, "covered_branches": 1, "missing_branches": 1}, "missing_lines": [40], "excluded_lines": [], "executed_branches": [[39, 42]], "missing_branches": [[39, 40]]}, "get_thread_file": {"executed_lines": [46, 49, 52], "summary": {"covered_lines": 3, "num_statements": 5, "percent_covered": 55.55555555555556, "percent_covered_display": "55.56", "missing_lines": 2, "excluded_lines": 0, "num_branches": 4, "num_partial_branches": 2, "covered_branches": 2, "missing_branches": 2}, "missing_lines": [47, 50], "excluded_lines": [], "executed_branches": [[46, 49], [49, 52]], "missing_branches": [[46, 47], [49, 50]]}, "_is_valid_thread_id": {"executed_lines": [56], "summary": {"covered_lines": 1, "num_statements": 1, "percent_covered": 100.0, "percent_covered_display": "100.00", "missing_lines": 0, "excluded_lines": 0, "num_branches": 0, "num_partial_branches": 0, "covered_branches": 0, "missing_branches": 0}, "missing_lines": [], "excluded_lines": [], "executed_branches": [], "missing_branches": []}, "_format_line": {"executed_lines": [60, 61], "summary": {"covered_lines": 2, "num_statements": 2, "percent_covered": 100.0, "percent_covered_display": "100.00", "missing_lines": 0, "excluded_lines": 0, "num_branches": 0, "num_partial_branches": 0, "covered_branches": 0, "missing_branches": 0}, "missing_lines": [], "excluded_lines": [], "executed_branches": [], "missing_branches": []}, "_parse_line": {"executed_lines": [65, 66, 71, 72], "summary": {"covered_lines": 4, "num_statements": 5, "percent_covered": 77.77777777777777, "percent_covered_display": "77.78", "missing_lines": 1, "excluded_lines": 0, "num_branches": 4, "num_partial_branches": 1, "covered_branches": 3, "missing_branches": 1}, "missing_lines": [77], "excluded_lines": [], "executed_branches": [[65, 66], [65, 71], [71, 72]], "missing_branches": [[71, 77]]}, "_load_messages_from_file": {"executed_lines": [81, 84, 85, 86, 89, 90, 91, 93], "summary": {"covered_lines": 8, "num_statements": 10, "percent_covered": 72.22222222222223, "percent_covered_display": "72.22", "missing_lines": 2, "excluded_lines": 0, "num_branches": 8, "num_partial_branches": 3, "covered_branches": 5, "missing_branches": 3}, "missing_lines": [82, 87], "excluded_lines": [], "executed_branches": [[81, 84], [85, 86], [85, 93], [86, 89], [90, 91]], "missing_branches": [[81, 82], [86, 87], [90, 85]]}, "load_thread": {"executed_lines": [97], "summary": {"covered_lines": 1, "num_statements": 1, "percent_covered": 100.0, "percent_covered_display": "100.00", "missing_lines": 0, "excluded_lines": 0, "num_branches": 0, "num_partial_branches": 0, "covered_branches": 0, "missing_branches": 0}, "missing_lines": [], "excluded_lines": [], "executed_branches": [], "missing_branches": []}, "thread_exists": {"executed_lines": [101, 102], "summary": {"covered_lines": 2, "num_statements": 4, "percent_covered": 50.0, "percent_covered_display": "50.00", "missing_lines": 2, "excluded_lines": 0, "num_branches": 0, "num_partial_branches": 0, "covered_branches": 0, "missing_branches": 0}, "missing_lines": [103, 104], "excluded_lines": [], "executed_branches": [], "missing_branches": []}, "create_correction_thread": {"executed_lines": [112, 113, 116, 117, 118, 119], "summary": {"covered_lines": 6, "num_statements": 7, "percent_covered": 77.77777777777777, "percent_covered_display": "77.78", "missing_lines": 1, "excluded_lines": 0, "num_branches": 2, "num_partial_branches": 1, "covered_branches": 1, "missing_branches": 1}, "missing_lines": [114], "excluded_lines": [], "executed_branches": [[113, 116]], "missing_branches": [[113, 114]]}, "append_thread_message": {"executed_lines": [128, 131, 132, 135, 138, 139, 140], "summary": {"covered_lines": 7, "num_statements": 10, "percent_covered": 62.5, "percent_covered_display": "62.50", "missing_lines": 3, "excluded_lines": 0, "num_branches": 6, "num_partial_branches": 3, "covered_branches": 3, "missing_branches": 3}, "missing_lines": [129, 133, 136], "excluded_lines": [], "executed_branches": [[128, 131], [132, 135], [135, 138]], "missing_branches": [[128, 129], [132, 133], [135, 136]]}, "_write_thread_messages": {"executed_lines": [148, 149, 150, 151, 152], "summary": {"covered_lines": 5, "num_statements": 5, "percent_covered": 100.0, "percent_covered_display": "100.00", "missing_lines": 0, "excluded_lines": 0, "num_branches": 0, "num_partial_branches": 0, "covered_branches": 0, "missing_branches": 0}, "missing_lines": [], "excluded_lines": [], "executed_branches": [], "missing_branches": []}, "load_conversation": {"executed_lines": [156, 157, 158, 160, 161, 163, 164, 167, 168, 169, 170, 171, 173, 174, 175, 176, 180, 181, 182, 183, 184, 186, 187, 188, 190, 191, 193], "summary": {"covered_lines": 27, "num_statements": 28, "percent_covered": 89.1304347826087, "percent_covered_display": "89.13", "missing_lines": 1, "excluded_lines": 0, "num_branches": 18, "num_partial_branches": 4, "covered_branches": 14, "missing_branches": 4}, "missing_lines": [165], "excluded_lines": [], "executed_branches": [[157, 158], [157, 160], [163, 164], [163, 190], [164, 167], [167, 168], [167, 173], [168, 169], [173, 174], [173, 186], [174, 175], [187, 188], [190, 191], [190, 193]], "missing_branches": [[164, 165], [168, 171], [174, 184], [187, 163]]}, "_attach_thread": {"executed_lines": [197, 198, 199, 200, 201], "summary": {"covered_lines": 5, "num_statements": 5, "percent_covered": 85.71428571428571, "percent_covered_display": "85.71", "missing_lines": 0, "excluded_lines": 0, "num_branches": 2, "num_partial_branches": 1, "covered_branches": 1, "missing_branches": 1}, "missing_lines": [], "excluded_lines": [], "executed_branches": [[200, 201]], "missing_branches": [[200, -196]]}, "_rewrite_conversation": {"executed_lines": [205, 206, 207, 209, 210, 211, 212, 213, 214, 215, 217], "summary": {"covered_lines": 11, "num_statements": 11, "percent_covered": 100.0, "percent_covered_display": "100.00", "missing_lines": 0, "excluded_lines": 0, "num_branches": 4, "num_partial_branches": 0, "covered_branches": 4, "missing_branches": 0}, "missing_lines": [], "excluded_lines": [], "executed_branches": [[209, 210], [209, 217], [214, 209], [214, 215]], "missing_branches": []}, "append_message": {"executed_lines": [227, 230, 231, 233, 238, 239, 241, 242, 243, 244], "summary": {"covered_lines": 10, "num_statements": 12, "percent_covered": 80.0, "percent_covered_display": "80.00", "missing_lines": 2, "excluded_lines": 0, "num_branches": 8, "num_partial_branches": 2, "covered_branches": 6, "missing_branches": 2}, "missing_lines": [228, 236], "excluded_lines": [], "executed_branches": [[227, 230], [230, 231], [230, 233], [233, 238], [243, -220], [243, 244]], "missing_branches": [[227, 228], [233, 236]]}, "clear_conversation": {"executed_lines": [248, 249, 250, 252, 253, 254], "summary": {"covered_lines": 6, "num_statements": 6, "percent_covered": 100.0, "percent_covered_display": "100.00", "missing_lines": 0, "excluded_lines": 0, "num_branches": 4, "num_partial_branches": 0, "covered_branches": 4, "missing_branches": 0}, "missing_lines": [], "excluded_lines": [], "executed_branches": [[249, 250], [249, 252], [253, -247], [253, 254]], "missing_branches": []}, "should_append_user_message": {"executed_lines": [261, 262, 265, 266], "summary": {"covered_lines": 4, "num_statements": 5, "percent_covered": 71.42857142857143, "percent_covered_display": "71.43", "missing_lines": 1, "excluded_lines": 0, "num_branches": 2, "num_partial_branches": 1, "covered_branches": 1, "missing_branches": 1}, "missing_lines": [263], "excluded_lines": [], "executed_branches": [[262, 265]], "missing_branches": [[262, 263]]}, "should_append_thread_user_message": {"executed_lines": [], "summary": {"covered_lines": 0, "num_statements": 5, "percent_covered": 0.0, "percent_covered_display": "0.00", "missing_lines": 5, "excluded_lines": 0, "num_branches": 2, "num_partial_branches": 0, "covered_branches": 0, "missing_branches": 2}, "missing_lines": [277, 278, 279, 281, 282], "excluded_lines": [], "executed_branches": [], "missing_branches": [[278, 279], [278, 281]]}, "": {"executed_lines": [1, 2, 3, 4, 6, 8, 15, 16, 17, 19, 20, 23, 27, 31, 38, 45, 55, 59, 64, 80, 96, 100, 107, 122, 143, 155, 196, 204, 220, 247, 257, 272], "summary": {"covered_lines": 32, "num_statements": 32, "percent_covered": 100.0, "percent_covered_display": "100.00", "missing_lines": 0, "excluded_lines": 0, "num_branches": 0, "num_partial_branches": 0, "covered_branches": 0, "missing_branches": 0}, "missing_lines": [], "excluded_lines": [], "executed_branches": [], "missing_branches": []}}, "classes": {"": {"executed_lines": [1, 2, 3, 4, 6, 8, 15, 16, 17, 19, 20, 23, 24, 27, 28, 31, 32, 35, 38, 39, 42, 45, 46, 49, 52, 55, 56, 59, 60, 61, 64, 65, 66, 71, 72, 80, 81, 84, 85, 86, 89, 90, 91, 93, 96, 97, 100, 101, 102, 107, 112, 113, 116, 117, 118, 119, 122, 128, 131, 132, 135, 138, 139, 140, 143, 148, 149, 150, 151, 152, 155, 156, 157, 158, 160, 161, 163, 164, 167, 168, 169, 170, 171, 173, 174, 175, 176, 180, 181, 182, 183, 184, 186, 187, 188, 190, 191, 193, 196, 197, 198, 199, 200, 201, 204, 205, 206, 207, 209, 210, 211, 212, 213, 214, 215, 217, 220, 227, 230, 231, 233, 238, 239, 241, 242, 243, 244, 247, 248, 249, 250, 252, 253, 254, 257, 261, 262, 265, 266, 272], "summary": {"covered_lines": 140, "num_statements": 162, "percent_covered": 80.8695652173913, "percent_covered_display": "80.87", "missing_lines": 22, "excluded_lines": 0, "num_branches": 68, "num_partial_branches": 20, "covered_branches": 46, "missing_branches": 22}, "missing_lines": [33, 40, 47, 50, 77, 82, 87, 103, 104, 114, 129, 133, 136, 165, 228, 236, 263, 277, 278, 279, 281, 282], "excluded_lines": [], "executed_branches": [[32, 35], [39, 42], [46, 49], [49, 52], [65, 66], [65, 71], [71, 72], [81, 84], [85, 86], [85, 93], [86, 89], [90, 91], [113, 116], [128, 131], [132, 135], [135, 138], [157, 158], [157, 160], [163, 164], [163, 190], [164, 167], [167, 168], [167, 173], [168, 169], [173, 174], [173, 186], [174, 175], [187, 188], [190, 191], [190, 193], [200, 201], [209, 210], [209, 217], [214, 209], [214, 215], [227, 230], [230, 231], [230, 233], [233, 238], [243, -220], [243, 244], [249, 250], [249, 252], [253, -247], [253, 254], [262, 265]], "missing_branches": [[32, 33], [39, 40], [46, 47], [49, 50], [71, 77], [81, 82], [86, 87], [90, 85], [113, 114], [128, 129], [132, 133], [135, 136], [164, 165], [168, 171], [174, 184], [187, 163], [200, -196], [227, 228], [233, 236], [262, 263], [278, 279], [278, 281]]}}}, "backend/database.py": {"executed_lines": [1, 3, 4, 6, 9, 19, 42, 52, 69, 70, 71, 73, 74, 76, 79, 80, 81, 83, 84, 86, 89], "summary": {"covered_lines": 21, "num_statements": 58, "percent_covered": 34.72222222222222, "percent_covered_display": "34.72", "missing_lines": 37, "excluded_lines": 0, "num_branches": 14, "num_partial_branches": 0, "covered_branches": 4, "missing_branches": 10}, "missing_lines": [10, 14, 15, 16, 20, 21, 23, 24, 25, 26, 28, 31, 39, 44, 45, 46, 48, 49, 54, 55, 56, 58, 59, 60, 62, 63, 64, 65, 66, 90, 92, 93, 94, 95, 96, 97, 98], "excluded_lines": [], "executed_branches": [[73, 74], [73, 76], [83, 84], [83, 86]], "missing_branches": [[23, 24], [23, 39], [25, 26], [25, 28], [45, 46], [45, 48], [55, 56], [55, 58], [59, 60], [59, 62]], "functions": {"configure_database": {"executed_lines": [], "summary": {"covered_lines": 0, "num_statements": 4, "percent_covered": 0.0, "percent_covered_display": "0.00", "missing_lines": 4, "excluded_lines": 0, "num_branches": 0, "num_partial_branches": 0, "covered_branches": 0, "missing_branches": 0}, "missing_lines": [10, 14, 15, 16], "excluded_lines": [], "executed_branches": [], "missing_branches": []}, "_migrate_updated_at_columns": {"executed_lines": [], "summary": {"covered_lines": 0, "num_statements": 9, "percent_covered": 0.0, "percent_covered_display": "0.00", "missing_lines": 9, "excluded_lines": 0, "num_branches": 4, "num_partial_branches": 0, "covered_branches": 0, "missing_branches": 4}, "missing_lines": [20, 21, 23, 24, 25, 26, 28, 31, 39], "excluded_lines": [], "executed_branches": [], "missing_branches": [[23, 24], [23, 39], [25, 26], [25, 28]]}, "_migrate_drop_legacy_hsk_vocabulary": {"executed_lines": [], "summary": {"covered_lines": 0, "num_statements": 5, "percent_covered": 0.0, "percent_covered_display": "0.00", "missing_lines": 5, "excluded_lines": 0, "num_branches": 2, "num_partial_branches": 0, "covered_branches": 0, "missing_branches": 2}, "missing_lines": [44, 45, 46, 48, 49], "excluded_lines": [], "executed_branches": [], "missing_branches": [[45, 46], [45, 48]]}, "_migrate_hsk_words_level": {"executed_lines": [], "summary": {"covered_lines": 0, "num_statements": 11, "percent_covered": 0.0, "percent_covered_display": "0.00", "missing_lines": 11, "excluded_lines": 0, "num_branches": 4, "num_partial_branches": 0, "covered_branches": 0, "missing_branches": 4}, "missing_lines": [54, 55, 56, 58, 59, 60, 62, 63, 64, 65, 66], "excluded_lines": [], "executed_branches": [], "missing_branches": [[55, 56], [55, 58], [59, 60], [59, 62]]}, "_ensure_hsk_content_loaded": {"executed_lines": [70, 71, 73, 74, 76], "summary": {"covered_lines": 5, "num_statements": 5, "percent_covered": 100.0, "percent_covered_display": "100.00", "missing_lines": 0, "excluded_lines": 0, "num_branches": 2, "num_partial_branches": 0, "covered_branches": 2, "missing_branches": 0}, "missing_lines": [], "excluded_lines": [], "executed_branches": [[73, 74], [73, 76]], "missing_branches": []}, "_ensure_learner_profile": {"executed_lines": [80, 81, 83, 84, 86], "summary": {"covered_lines": 5, "num_statements": 5, "percent_covered": 100.0, "percent_covered_display": "100.00", "missing_lines": 0, "excluded_lines": 0, "num_branches": 2, "num_partial_branches": 0, "covered_branches": 2, "missing_branches": 0}, "missing_lines": [], "excluded_lines": [], "executed_branches": [[83, 84], [83, 86]], "missing_branches": []}, "init_db": {"executed_lines": [], "summary": {"covered_lines": 0, "num_statements": 8, "percent_covered": 0.0, "percent_covered_display": "0.00", "missing_lines": 8, "excluded_lines": 0, "num_branches": 0, "num_partial_branches": 0, "covered_branches": 0, "missing_branches": 0}, "missing_lines": [90, 92, 93, 94, 95, 96, 97, 98], "excluded_lines": [], "executed_branches": [], "missing_branches": []}, "": {"executed_lines": [1, 3, 4, 6, 9, 19, 42, 52, 69, 79, 89], "summary": {"covered_lines": 11, "num_statements": 11, "percent_covered": 100.0, "percent_covered_display": "100.00", "missing_lines": 0, "excluded_lines": 0, "num_branches": 0, "num_partial_branches": 0, "covered_branches": 0, "missing_branches": 0}, "missing_lines": [], "excluded_lines": [], "executed_branches": [], "missing_branches": []}}, "classes": {"": {"executed_lines": [1, 3, 4, 6, 9, 19, 42, 52, 69, 70, 71, 73, 74, 76, 79, 80, 81, 83, 84, 86, 89], "summary": {"covered_lines": 21, "num_statements": 58, "percent_covered": 34.72222222222222, "percent_covered_display": "34.72", "missing_lines": 37, "excluded_lines": 0, "num_branches": 14, "num_partial_branches": 0, "covered_branches": 4, "missing_branches": 10}, "missing_lines": [10, 14, 15, 16, 20, 21, 23, 24, 25, 26, 28, 31, 39, 44, 45, 46, 48, 49, 54, 55, 56, 58, 59, 60, 62, 63, 64, 65, 66, 90, 92, 93, 94, 95, 96, 97, 98], "excluded_lines": [], "executed_branches": [[73, 74], [73, 76], [83, 84], [83, 86]], "missing_branches": [[23, 24], [23, 39], [25, 26], [25, 28], [45, 46], [45, 48], [55, 56], [55, 58], [59, 60], [59, 62]]}}}, "backend/db_export.py": {"executed_lines": [1, 2, 4, 6, 7, 14, 17, 18, 19, 20, 23, 24, 25, 26, 27, 28, 34, 35, 36, 38, 41], "summary": {"covered_lines": 21, "num_statements": 26, "percent_covered": 80.0, "percent_covered_display": "80.00", "missing_lines": 5, "excluded_lines": 0, "num_branches": 4, "num_partial_branches": 1, "covered_branches": 3, "missing_branches": 1}, "missing_lines": [37, 42, 43, 44, 45], "excluded_lines": [], "executed_branches": [[18, 19], [18, 20], [36, 38]], "missing_branches": [[36, 37]], "functions": {"split_pinyin": {"executed_lines": [18, 19, 20], "summary": {"covered_lines": 3, "num_statements": 3, "percent_covered": 100.0, "percent_covered_display": "100.00", "missing_lines": 0, "excluded_lines": 0, "num_branches": 2, "num_partial_branches": 0, "covered_branches": 2, "missing_branches": 0}, "missing_lines": [], "excluded_lines": [], "executed_branches": [[18, 19], [18, 20]], "missing_branches": []}, "format_character_line": {"executed_lines": [24, 25, 26, 27, 28], "summary": {"covered_lines": 5, "num_statements": 5, "percent_covered": 100.0, "percent_covered_display": "100.00", "missing_lines": 0, "excluded_lines": 0, "num_branches": 0, "num_partial_branches": 0, "covered_branches": 0, "missing_branches": 0}, "missing_lines": [], "excluded_lines": [], "executed_branches": [], "missing_branches": []}, "serialize_database": {"executed_lines": [35, 36, 38], "summary": {"covered_lines": 3, "num_statements": 4, "percent_covered": 66.66666666666667, "percent_covered_display": "66.67", "missing_lines": 1, "excluded_lines": 0, "num_branches": 2, "num_partial_branches": 1, "covered_branches": 1, "missing_branches": 1}, "missing_lines": [37], "excluded_lines": [], "executed_branches": [[36, 38]], "missing_branches": [[36, 37]]}, "export_database_to_file": {"executed_lines": [], "summary": {"covered_lines": 0, "num_statements": 4, "percent_covered": 0.0, "percent_covered_display": "0.00", "missing_lines": 4, "excluded_lines": 0, "num_branches": 0, "num_partial_branches": 0, "covered_branches": 0, "missing_branches": 0}, "missing_lines": [42, 43, 44, 45], "excluded_lines": [], "executed_branches": [], "missing_branches": []}, "": {"executed_lines": [1, 2, 4, 6, 7, 14, 17, 23, 34, 41], "summary": {"covered_lines": 10, "num_statements": 10, "percent_covered": 100.0, "percent_covered_display": "100.00", "missing_lines": 0, "excluded_lines": 0, "num_branches": 0, "num_partial_branches": 0, "covered_branches": 0, "missing_branches": 0}, "missing_lines": [], "excluded_lines": [], "executed_branches": [], "missing_branches": []}}, "classes": {"": {"executed_lines": [1, 2, 4, 6, 7, 14, 17, 18, 19, 20, 23, 24, 25, 26, 27, 28, 34, 35, 36, 38, 41], "summary": {"covered_lines": 21, "num_statements": 26, "percent_covered": 80.0, "percent_covered_display": "80.00", "missing_lines": 5, "excluded_lines": 0, "num_branches": 4, "num_partial_branches": 1, "covered_branches": 3, "missing_branches": 1}, "missing_lines": [37, 42, 43, 44, 45], "excluded_lines": [], "executed_branches": [[18, 19], [18, 20], [36, 38]], "missing_branches": [[36, 37]]}}}, "backend/extensions.py": {"executed_lines": [1, 3], "summary": {"covered_lines": 2, "num_statements": 2, "percent_covered": 100.0, "percent_covered_display": "100.00", "missing_lines": 0, "excluded_lines": 0, "num_branches": 0, "num_partial_branches": 0, "covered_branches": 0, "missing_branches": 0}, "missing_lines": [], "excluded_lines": [], "executed_branches": [], "missing_branches": [], "functions": {"": {"executed_lines": [1, 3], "summary": {"covered_lines": 2, "num_statements": 2, "percent_covered": 100.0, "percent_covered_display": "100.00", "missing_lines": 0, "excluded_lines": 0, "num_branches": 0, "num_partial_branches": 0, "covered_branches": 0, "missing_branches": 0}, "missing_lines": [], "excluded_lines": [], "executed_branches": [], "missing_branches": []}}, "classes": {"": {"executed_lines": [1, 3], "summary": {"covered_lines": 2, "num_statements": 2, "percent_covered": 100.0, "percent_covered_display": "100.00", "missing_lines": 0, "excluded_lines": 0, "num_branches": 0, "num_partial_branches": 0, "covered_branches": 0, "missing_branches": 0}, "missing_lines": [], "excluded_lines": [], "executed_branches": [], "missing_branches": []}}}, "backend/hsk_level.py": {"executed_lines": [1, 3, 5, 6, 8, 9, 11, 12, 13, 16, 17, 18, 19, 22, 23, 24, 25, 26, 27, 28, 29, 32, 33, 36, 40, 43, 48, 49, 52, 55, 58, 63, 64, 65, 66, 68, 69, 70, 71, 72, 74, 75, 85, 86, 87, 88, 92, 93, 94, 96, 111, 116, 119, 120, 121, 122, 123, 124, 125, 128, 130, 131, 132, 133, 134, 135, 138, 139, 140, 142, 145, 147, 148, 149, 152, 153], "summary": {"covered_lines": 75, "num_statements": 77, "percent_covered": 93.81443298969072, "percent_covered_display": "93.81", "missing_lines": 2, "excluded_lines": 0, "num_branches": 20, "num_partial_branches": 4, "covered_branches": 16, "missing_branches": 4}, "missing_lines": [50, 141], "excluded_lines": [], "executed_branches": [[49, 52], [63, 64], [63, 65], [65, 66], [65, 68], [69, 70], [69, 74], [70, 71], [70, 72], [74, 75], [74, 85], [121, 122], [133, 134], [140, 142], [147, 148], [147, 149]], "missing_branches": [[49, 50], [121, 125], [133, 135], [140, 141]], "functions": {"_required_known_count": {"executed_lines": [33], "summary": {"covered_lines": 1, "num_statements": 1, "percent_covered": 100.0, "percent_covered_display": "100.00", "missing_lines": 0, "excluded_lines": 0, "num_branches": 0, "num_partial_branches": 0, "covered_branches": 0, "missing_branches": 0}, "missing_lines": [], "excluded_lines": [], "executed_branches": [], "missing_branches": []}, "_entries_up_to_level": {"executed_lines": [40], "summary": {"covered_lines": 1, "num_statements": 1, "percent_covered": 100.0, "percent_covered_display": "100.00", "missing_lines": 0, "excluded_lines": 0, "num_branches": 0, "num_partial_branches": 0, "covered_branches": 0, "missing_branches": 0}, "missing_lines": [], "excluded_lines": [], "executed_branches": [], "missing_branches": []}, "_is_level_complete": {"executed_lines": [48, 49, 52, 55], "summary": {"covered_lines": 4, "num_statements": 5, "percent_covered": 71.42857142857143, "percent_covered_display": "71.43", "missing_lines": 1, "excluded_lines": 0, "num_branches": 2, "num_partial_branches": 1, "covered_branches": 1, "missing_branches": 1}, "missing_lines": [50], "excluded_lines": [], "executed_branches": [[49, 52]], "missing_branches": [[49, 50]]}, "get_hsk_level_status": {"executed_lines": [63, 64, 65, 66, 68, 69, 70, 71, 72, 74, 75, 85, 86, 87, 88, 92, 93, 94, 96], "summary": {"covered_lines": 19, "num_statements": 19, "percent_covered": 100.0, "percent_covered_display": "100.00", "missing_lines": 0, "excluded_lines": 0, "num_branches": 10, "num_partial_branches": 0, "covered_branches": 10, "missing_branches": 0}, "missing_lines": [], "excluded_lines": [], "executed_branches": [[63, 64], [63, 65], [65, 66], [65, 68], [69, 70], [69, 74], [70, 71], [70, 72], [74, 75], [74, 85]], "missing_branches": []}, "compute_current_hsk_level": {"executed_lines": [116], "summary": {"covered_lines": 1, "num_statements": 1, "percent_covered": 100.0, "percent_covered_display": "100.00", "missing_lines": 0, "excluded_lines": 0, "num_branches": 0, "num_partial_branches": 0, "covered_branches": 0, "missing_branches": 0}, "missing_lines": [], "excluded_lines": [], "executed_branches": [], "missing_branches": []}, "get_or_create_learner_profile": {"executed_lines": [120, 121, 122, 123, 124, 125], "summary": {"covered_lines": 6, "num_statements": 6, "percent_covered": 87.5, "percent_covered_display": "87.50", "missing_lines": 0, "excluded_lines": 0, "num_branches": 2, "num_partial_branches": 1, "covered_branches": 1, "missing_branches": 1}, "missing_lines": [], "excluded_lines": [], "executed_branches": [[121, 122]], "missing_branches": [[121, 125]]}, "refresh_current_hsk_level": {"executed_lines": [130, 131, 132, 133, 134, 135], "summary": {"covered_lines": 6, "num_statements": 6, "percent_covered": 87.5, "percent_covered_display": "87.50", "missing_lines": 0, "excluded_lines": 0, "num_branches": 2, "num_partial_branches": 1, "covered_branches": 1, "missing_branches": 1}, "missing_lines": [], "excluded_lines": [], "executed_branches": [[133, 134]], "missing_branches": [[133, 135]]}, "get_stored_current_hsk_level": {"executed_lines": [139, 140, 142], "summary": {"covered_lines": 3, "num_statements": 4, "percent_covered": 66.66666666666667, "percent_covered_display": "66.67", "missing_lines": 1, "excluded_lines": 0, "num_branches": 2, "num_partial_branches": 1, "covered_branches": 1, "missing_branches": 1}, "missing_lines": [141], "excluded_lines": [], "executed_branches": [[140, 142]], "missing_branches": [[140, 141]]}, "speaking_hsk_level_from_current": {"executed_lines": [147, 148, 149], "summary": {"covered_lines": 3, "num_statements": 3, "percent_covered": 100.0, "percent_covered_display": "100.00", "missing_lines": 0, "excluded_lines": 0, "num_branches": 2, "num_partial_branches": 0, "covered_branches": 2, "missing_branches": 0}, "missing_lines": [], "excluded_lines": [], "executed_branches": [[147, 148], [147, 149]], "missing_branches": []}, "get_chat_speaking_hsk_level": {"executed_lines": [153], "summary": {"covered_lines": 1, "num_statements": 1, "percent_covered": 100.0, "percent_covered_display": "100.00", "missing_lines": 0, "excluded_lines": 0, "num_branches": 0, "num_partial_branches": 0, "covered_branches": 0, "missing_branches": 0}, "missing_lines": [], "excluded_lines": [], "executed_branches": [], "missing_branches": []}, "": {"executed_lines": [1, 3, 5, 6, 8, 9, 11, 12, 13, 16, 17, 18, 19, 22, 23, 24, 25, 26, 27, 28, 29, 32, 36, 43, 58, 111, 119, 128, 138, 145, 152], "summary": {"covered_lines": 30, "num_statements": 30, "percent_covered": 100.0, "percent_covered_display": "100.00", "missing_lines": 0, "excluded_lines": 0, "num_branches": 0, "num_partial_branches": 0, "covered_branches": 0, "missing_branches": 0}, "missing_lines": [], "excluded_lines": [], "executed_branches": [], "missing_branches": []}}, "classes": {"HskVocabularyEntry": {"executed_lines": [], "summary": {"covered_lines": 0, "num_statements": 0, "percent_covered": 100.0, "percent_covered_display": "100.00", "missing_lines": 0, "excluded_lines": 0, "num_branches": 0, "num_partial_branches": 0, "covered_branches": 0, "missing_branches": 0}, "missing_lines": [], "excluded_lines": [], "executed_branches": [], "missing_branches": []}, "HskLevelStatus": {"executed_lines": [], "summary": {"covered_lines": 0, "num_statements": 0, "percent_covered": 100.0, "percent_covered_display": "100.00", "missing_lines": 0, "excluded_lines": 0, "num_branches": 0, "num_partial_branches": 0, "covered_branches": 0, "missing_branches": 0}, "missing_lines": [], "excluded_lines": [], "executed_branches": [], "missing_branches": []}, "": {"executed_lines": [1, 3, 5, 6, 8, 9, 11, 12, 13, 16, 17, 18, 19, 22, 23, 24, 25, 26, 27, 28, 29, 32, 33, 36, 40, 43, 48, 49, 52, 55, 58, 63, 64, 65, 66, 68, 69, 70, 71, 72, 74, 75, 85, 86, 87, 88, 92, 93, 94, 96, 111, 116, 119, 120, 121, 122, 123, 124, 125, 128, 130, 131, 132, 133, 134, 135, 138, 139, 140, 142, 145, 147, 148, 149, 152, 153], "summary": {"covered_lines": 75, "num_statements": 77, "percent_covered": 93.81443298969072, "percent_covered_display": "93.81", "missing_lines": 2, "excluded_lines": 0, "num_branches": 20, "num_partial_branches": 4, "covered_branches": 16, "missing_branches": 4}, "missing_lines": [50, 141], "excluded_lines": [], "executed_branches": [[49, 52], [63, 64], [63, 65], [65, 66], [65, 68], [69, 70], [69, 74], [70, 71], [70, 72], [74, 75], [74, 85], [121, 122], [133, 134], [140, 142], [147, 148], [147, 149]], "missing_branches": [[49, 50], [121, 125], [133, 135], [140, 141]]}}}, "backend/llm.py": {"executed_lines": [1, 2, 4, 5, 7, 8, 11, 12, 14, 15, 16, 18, 19, 20, 22, 25, 26, 27, 28, 30, 33], "summary": {"covered_lines": 21, "num_statements": 22, "percent_covered": 96.15384615384616, "percent_covered_display": "96.15", "missing_lines": 1, "excluded_lines": 0, "num_branches": 4, "num_partial_branches": 0, "covered_branches": 4, "missing_branches": 0}, "missing_lines": [34], "excluded_lines": [], "executed_branches": [[15, 16], [15, 18], [19, 20], [19, 22]], "missing_branches": [], "functions": {"_get_config_value": {"executed_lines": [12, 14, 15, 16, 18, 19, 20, 22], "summary": {"covered_lines": 8, "num_statements": 8, "percent_covered": 100.0, "percent_covered_display": "100.00", "missing_lines": 0, "excluded_lines": 0, "num_branches": 4, "num_partial_branches": 0, "covered_branches": 4, "missing_branches": 0}, "missing_lines": [], "excluded_lines": [], "executed_branches": [[15, 16], [15, 18], [19, 20], [19, 22]], "missing_branches": []}, "get_llm": {"executed_lines": [27, 28, 30], "summary": {"covered_lines": 3, "num_statements": 3, "percent_covered": 100.0, "percent_covered_display": "100.00", "missing_lines": 0, "excluded_lines": 0, "num_branches": 0, "num_partial_branches": 0, "covered_branches": 0, "missing_branches": 0}, "missing_lines": [], "excluded_lines": [], "executed_branches": [], "missing_branches": []}, "reset_llm_cache": {"executed_lines": [], "summary": {"covered_lines": 0, "num_statements": 1, "percent_covered": 0.0, "percent_covered_display": "0.00", "missing_lines": 1, "excluded_lines": 0, "num_branches": 0, "num_partial_branches": 0, "covered_branches": 0, "missing_branches": 0}, "missing_lines": [34], "excluded_lines": [], "executed_branches": [], "missing_branches": []}, "": {"executed_lines": [1, 2, 4, 5, 7, 8, 11, 25, 26, 33], "summary": {"covered_lines": 10, "num_statements": 10, "percent_covered": 100.0, "percent_covered_display": "100.00", "missing_lines": 0, "excluded_lines": 0, "num_branches": 0, "num_partial_branches": 0, "covered_branches": 0, "missing_branches": 0}, "missing_lines": [], "excluded_lines": [], "executed_branches": [], "missing_branches": []}}, "classes": {"": {"executed_lines": [1, 2, 4, 5, 7, 8, 11, 12, 14, 15, 16, 18, 19, 20, 22, 25, 26, 27, 28, 30, 33], "summary": {"covered_lines": 21, "num_statements": 22, "percent_covered": 96.15384615384616, "percent_covered_display": "96.15", "missing_lines": 1, "excluded_lines": 0, "num_branches": 4, "num_partial_branches": 0, "covered_branches": 4, "missing_branches": 0}, "missing_lines": [34], "excluded_lines": [], "executed_branches": [[15, 16], [15, 18], [19, 20], [19, 22]], "missing_branches": []}}}, "backend/llm_config.py": {"executed_lines": [1, 2, 4, 6, 7, 15, 16, 17, 20, 21, 22, 25, 28, 29, 34, 35, 37, 38, 39, 40, 41, 43, 46, 50, 52, 53, 55, 56, 58, 69], "summary": {"covered_lines": 30, "num_statements": 32, "percent_covered": 86.95652173913044, "percent_covered_display": "86.96", "missing_lines": 2, "excluded_lines": 0, "num_branches": 14, "num_partial_branches": 4, "covered_branches": 10, "missing_branches": 4}, "missing_lines": [18, 23], "excluded_lines": [], "executed_branches": [[17, 20], [22, 25], [34, 35], [34, 37], [37, 38], [37, 43], [39, 40], [52, 53], [52, 55], [55, 56]], "missing_branches": [[17, 18], [22, 23], [39, 37], [55, 58]], "functions": {"_parse_config_line": {"executed_lines": [16, 17, 20, 21, 22, 25], "summary": {"covered_lines": 6, "num_statements": 8, "percent_covered": 66.66666666666667, "percent_covered_display": "66.67", "missing_lines": 2, "excluded_lines": 0, "num_branches": 4, "num_partial_branches": 2, "covered_branches": 2, "missing_branches": 2}, "missing_lines": [18, 23], "excluded_lines": [], "executed_branches": [[17, 20], [22, 25]], "missing_branches": [[17, 18], [22, 23]]}, "read_llm_config": {"executed_lines": [29, 34, 35, 37, 38, 39, 40, 41, 43], "summary": {"covered_lines": 9, "num_statements": 9, "percent_covered": 93.33333333333333, "percent_covered_display": "93.33", "missing_lines": 0, "excluded_lines": 0, "num_branches": 6, "num_partial_branches": 1, "covered_branches": 5, "missing_branches": 1}, "missing_lines": [], "excluded_lines": [], "executed_branches": [[34, 35], [34, 37], [37, 38], [37, 43], [39, 40]], "missing_branches": [[39, 37]]}, "write_llm_config": {"executed_lines": [50, 52, 53, 55, 56, 58, 69], "summary": {"covered_lines": 7, "num_statements": 7, "percent_covered": 90.9090909090909, "percent_covered_display": "90.91", "missing_lines": 0, "excluded_lines": 0, "num_branches": 4, "num_partial_branches": 1, "covered_branches": 3, "missing_branches": 1}, "missing_lines": [], "excluded_lines": [], "executed_branches": [[52, 53], [52, 55], [55, 56]], "missing_branches": [[55, 58]]}, "": {"executed_lines": [1, 2, 4, 6, 7, 15, 28, 46], "summary": {"covered_lines": 8, "num_statements": 8, "percent_covered": 100.0, "percent_covered_display": "100.00", "missing_lines": 0, "excluded_lines": 0, "num_branches": 0, "num_partial_branches": 0, "covered_branches": 0, "missing_branches": 0}, "missing_lines": [], "excluded_lines": [], "executed_branches": [], "missing_branches": []}}, "classes": {"": {"executed_lines": [1, 2, 4, 6, 7, 15, 16, 17, 20, 21, 22, 25, 28, 29, 34, 35, 37, 38, 39, 40, 41, 43, 46, 50, 52, 53, 55, 56, 58, 69], "summary": {"covered_lines": 30, "num_statements": 32, "percent_covered": 86.95652173913044, "percent_covered_display": "86.96", "missing_lines": 2, "excluded_lines": 0, "num_branches": 14, "num_partial_branches": 4, "covered_branches": 10, "missing_branches": 4}, "missing_lines": [18, 23], "excluded_lines": [], "executed_branches": [[17, 20], [22, 25], [34, 35], [34, 37], [37, 38], [37, 43], [39, 40], [52, 53], [52, 55], [55, 56]], "missing_branches": [[17, 18], [22, 23], [39, 37], [55, 58]]}}}, "backend/models.py": {"executed_lines": [1, 3, 5, 8, 9, 12, 20, 33, 34, 36, 37, 38, 39, 46, 53, 54, 56, 57, 58, 65, 72, 73, 75, 76, 77, 79, 86, 87, 89, 90, 91, 93, 100, 101, 103, 105, 106], "summary": {"covered_lines": 36, "num_statements": 36, "percent_covered": 100.0, "percent_covered_display": "100.00", "missing_lines": 0, "excluded_lines": 0, "num_branches": 0, "num_partial_branches": 0, "covered_branches": 0, "missing_branches": 0}, "missing_lines": [], "excluded_lines": [], "executed_branches": [], "missing_branches": [], "functions": {"utcnow": {"executed_lines": [9], "summary": {"covered_lines": 1, "num_statements": 1, "percent_covered": 100.0, "percent_covered_display": "100.00", "missing_lines": 0, "excluded_lines": 0, "num_branches": 0, "num_partial_branches": 0, "covered_branches": 0, "missing_branches": 0}, "missing_lines": [], "excluded_lines": [], "executed_branches": [], "missing_branches": []}, "": {"executed_lines": [1, 3, 5, 8, 12, 20, 33, 34, 36, 37, 38, 39, 46, 53, 54, 56, 57, 58, 65, 72, 73, 75, 76, 77, 79, 86, 87, 89, 90, 91, 93, 100, 101, 103, 105, 106], "summary": {"covered_lines": 35, "num_statements": 35, "percent_covered": 100.0, "percent_covered_display": "100.00", "missing_lines": 0, "excluded_lines": 0, "num_branches": 0, "num_partial_branches": 0, "covered_branches": 0, "missing_branches": 0}, "missing_lines": [], "excluded_lines": [], "executed_branches": [], "missing_branches": []}}, "classes": {"Character": {"executed_lines": [], "summary": {"covered_lines": 0, "num_statements": 0, "percent_covered": 100.0, "percent_covered_display": "100.00", "missing_lines": 0, "excluded_lines": 0, "num_branches": 0, "num_partial_branches": 0, "covered_branches": 0, "missing_branches": 0}, "missing_lines": [], "excluded_lines": [], "executed_branches": [], "missing_branches": []}, "Word": {"executed_lines": [], "summary": {"covered_lines": 0, "num_statements": 0, "percent_covered": 100.0, "percent_covered_display": "100.00", "missing_lines": 0, "excluded_lines": 0, "num_branches": 0, "num_partial_branches": 0, "covered_branches": 0, "missing_branches": 0}, "missing_lines": [], "excluded_lines": [], "executed_branches": [], "missing_branches": []}, "HskWord": {"executed_lines": [], "summary": {"covered_lines": 0, "num_statements": 0, "percent_covered": 100.0, "percent_covered_display": "100.00", "missing_lines": 0, "excluded_lines": 0, "num_branches": 0, "num_partial_branches": 0, "covered_branches": 0, "missing_branches": 0}, "missing_lines": [], "excluded_lines": [], "executed_branches": [], "missing_branches": []}, "HskCharacter": {"executed_lines": [], "summary": {"covered_lines": 0, "num_statements": 0, "percent_covered": 100.0, "percent_covered_display": "100.00", "missing_lines": 0, "excluded_lines": 0, "num_branches": 0, "num_partial_branches": 0, "covered_branches": 0, "missing_branches": 0}, "missing_lines": [], "excluded_lines": [], "executed_branches": [], "missing_branches": []}, "LearnerProfile": {"executed_lines": [], "summary": {"covered_lines": 0, "num_statements": 0, "percent_covered": 100.0, "percent_covered_display": "100.00", "missing_lines": 0, "excluded_lines": 0, "num_branches": 0, "num_partial_branches": 0, "covered_branches": 0, "missing_branches": 0}, "missing_lines": [], "excluded_lines": [], "executed_branches": [], "missing_branches": []}, "": {"executed_lines": [1, 3, 5, 8, 9, 12, 20, 33, 34, 36, 37, 38, 39, 46, 53, 54, 56, 57, 58, 65, 72, 73, 75, 76, 77, 79, 86, 87, 89, 90, 91, 93, 100, 101, 103, 105, 106], "summary": {"covered_lines": 36, "num_statements": 36, "percent_covered": 100.0, "percent_covered_display": "100.00", "missing_lines": 0, "excluded_lines": 0, "num_branches": 0, "num_partial_branches": 0, "covered_branches": 0, "missing_branches": 0}, "missing_lines": [], "excluded_lines": [], "executed_branches": [], "missing_branches": []}}}, "backend/routes/__init__.py": {"executed_lines": [1, 4, 5, 24, 25, 26, 27, 28, 29, 30, 31, 32, 33, 34, 35, 36, 37, 38, 39], "summary": {"covered_lines": 19, "num_statements": 19, "percent_covered": 100.0, "percent_covered_display": "100.00", "missing_lines": 0, "excluded_lines": 0, "num_branches": 0, "num_partial_branches": 0, "covered_branches": 0, "missing_branches": 0}, "missing_lines": [], "excluded_lines": [], "executed_branches": [], "missing_branches": [], "functions": {"register_routes": {"executed_lines": [5, 24, 25, 26, 27, 28, 29, 30, 31, 32, 33, 34, 35, 36, 37, 38, 39], "summary": {"covered_lines": 17, "num_statements": 17, "percent_covered": 100.0, "percent_covered_display": "100.00", "missing_lines": 0, "excluded_lines": 0, "num_branches": 0, "num_partial_branches": 0, "covered_branches": 0, "missing_branches": 0}, "missing_lines": [], "excluded_lines": [], "executed_branches": [], "missing_branches": []}, "": {"executed_lines": [1, 4], "summary": {"covered_lines": 2, "num_statements": 2, "percent_covered": 100.0, "percent_covered_display": "100.00", "missing_lines": 0, "excluded_lines": 0, "num_branches": 0, "num_partial_branches": 0, "covered_branches": 0, "missing_branches": 0}, "missing_lines": [], "excluded_lines": [], "executed_branches": [], "missing_branches": []}}, "classes": {"": {"executed_lines": [1, 4, 5, 24, 25, 26, 27, 28, 29, 30, 31, 32, 33, 34, 35, 36, 37, 38, 39], "summary": {"covered_lines": 19, "num_statements": 19, "percent_covered": 100.0, "percent_covered_display": "100.00", "missing_lines": 0, "excluded_lines": 0, "num_branches": 0, "num_partial_branches": 0, "covered_branches": 0, "missing_branches": 0}, "missing_lines": [], "excluded_lines": [], "executed_branches": [], "missing_branches": []}}}, "backend/routes/bulk_characters.py": {"executed_lines": [1, 3, 5, 6, 7, 9, 11, 14, 15, 17, 18, 19, 20, 23, 24, 25, 26, 27, 29, 31, 32, 33, 34, 36, 37, 38, 46, 47, 48, 49, 50, 51, 52, 53, 54, 56, 57, 58, 63, 64, 65, 66, 70, 71, 72, 73, 74, 76, 77, 78, 79, 80, 82, 83, 85], "summary": {"covered_lines": 55, "num_statements": 58, "percent_covered": 88.75, "percent_covered_display": "88.75", "missing_lines": 3, "excluded_lines": 0, "num_branches": 22, "num_partial_branches": 4, "covered_branches": 16, "missing_branches": 6}, "missing_lines": [16, 67, 68], "excluded_lines": [], "executed_branches": [[15, 17], [26, 27], [26, 29], [32, 33], [32, 82], [33, 34], [33, 36], [37, 38], [37, 46], [57, 58], [63, 64], [63, 65], [70, 32], [70, 71], [72, 73], [76, 77]], "missing_branches": [[15, 16], [57, 67], [67, 68], [67, 70], [72, 76], [76, 70]], "functions": {"_parse_updated_at": {"executed_lines": [15, 17, 18, 19, 20], "summary": {"covered_lines": 5, "num_statements": 6, "percent_covered": 75.0, "percent_covered_display": "75.00", "missing_lines": 1, "excluded_lines": 0, "num_branches": 2, "num_partial_branches": 1, "covered_branches": 1, "missing_branches": 1}, "missing_lines": [16], "excluded_lines": [], "executed_branches": [[15, 17]], "missing_branches": [[15, 16]]}, "bulk_characters": {"executed_lines": [25, 26, 27, 29, 31, 32, 33, 34, 36, 37, 38, 46, 47, 48, 49, 50, 51, 52, 53, 54, 56, 57, 58, 63, 64, 65, 66, 70, 71, 72, 73, 74, 76, 77, 78, 79, 80, 82, 83, 85], "summary": {"covered_lines": 40, "num_statements": 42, "percent_covered": 88.70967741935483, "percent_covered_display": "88.71", "missing_lines": 2, "excluded_lines": 0, "num_branches": 20, "num_partial_branches": 3, "covered_branches": 15, "missing_branches": 5}, "missing_lines": [67, 68], "excluded_lines": [], "executed_branches": [[26, 27], [26, 29], [32, 33], [32, 82], [33, 34], [33, 36], [37, 38], [37, 46], [57, 58], [63, 64], [63, 65], [70, 32], [70, 71], [72, 73], [76, 77]], "missing_branches": [[57, 67], [67, 68], [67, 70], [72, 76], [76, 70]]}, "": {"executed_lines": [1, 3, 5, 6, 7, 9, 11, 14, 23, 24], "summary": {"covered_lines": 10, "num_statements": 10, "percent_covered": 100.0, "percent_covered_display": "100.00", "missing_lines": 0, "excluded_lines": 0, "num_branches": 0, "num_partial_branches": 0, "covered_branches": 0, "missing_branches": 0}, "missing_lines": [], "excluded_lines": [], "executed_branches": [], "missing_branches": []}}, "classes": {"": {"executed_lines": [1, 3, 5, 6, 7, 9, 11, 14, 15, 17, 18, 19, 20, 23, 24, 25, 26, 27, 29, 31, 32, 33, 34, 36, 37, 38, 46, 47, 48, 49, 50, 51, 52, 53, 54, 56, 57, 58, 63, 64, 65, 66, 70, 71, 72, 73, 74, 76, 77, 78, 79, 80, 82, 83, 85], "summary": {"covered_lines": 55, "num_statements": 58, "percent_covered": 88.75, "percent_covered_display": "88.75", "missing_lines": 3, "excluded_lines": 0, "num_branches": 22, "num_partial_branches": 4, "covered_branches": 16, "missing_branches": 6}, "missing_lines": [16, 67, 68], "excluded_lines": [], "executed_branches": [[15, 17], [26, 27], [26, 29], [32, 33], [32, 82], [33, 34], [33, 36], [37, 38], [37, 46], [57, 58], [63, 64], [63, 65], [70, 32], [70, 71], [72, 73], [76, 77]], "missing_branches": [[15, 16], [57, 67], [67, 68], [67, 70], [72, 76], [76, 70]]}}}, "backend/routes/chat.py": {"executed_lines": [1, 3, 8, 20, 23, 24, 27, 28, 29, 32, 33, 35, 38, 44, 51, 54, 57, 58, 59, 60, 63, 66, 67, 68, 69, 71, 72, 74, 75, 77, 79, 80, 81, 82, 84, 89, 92, 97, 104, 107, 113, 115, 116, 119, 126, 127, 138, 144, 147, 150, 151, 153, 154, 155, 156, 158, 159, 160, 165, 169, 175, 176, 183, 184, 185, 186, 190, 196, 197, 198, 199, 201, 204, 205, 206, 207, 209, 212, 213, 214, 215, 217, 218], "summary": {"covered_lines": 83, "num_statements": 101, "percent_covered": 78.52348993288591, "percent_covered_display": "78.52", "missing_lines": 18, "excluded_lines": 0, "num_branches": 48, "num_partial_branches": 14, "covered_branches": 34, "missing_branches": 14}, "missing_lines": [25, 30, 36, 39, 52, 61, 64, 76, 87, 90, 95, 133, 134, 135, 136, 145, 187, 188], "excluded_lines": [], "executed_branches": [[24, 27], [28, 29], [28, 51], [29, 32], [35, 38], [38, 44], [51, 54], [60, 63], [63, 66], [71, 72], [71, 74], [75, 77], [80, 81], [80, 104], [81, 82], [81, 84], [84, 89], [89, 92], [92, 97], [116, 119], [144, 147], [158, 159], [158, 175], [160, 165], [160, 175], [175, 176], [196, 197], [196, 198], [198, 199], [198, 201], [206, 207], [206, 209], [214, 215], [214, 217]], "missing_branches": [[24, 25], [29, 30], [35, 36], [38, 39], [51, 52], [60, 61], [63, 64], [75, 76], [84, 87], [89, 90], [92, 95], [116, 126], [144, 145], [175, 183]], "functions": {"_normalize_messages": {"executed_lines": [24, 27, 28, 29, 32, 33, 35, 38, 44, 51, 54], "summary": {"covered_lines": 11, "num_statements": 16, "percent_covered": 64.28571428571429, "percent_covered_display": "64.29", "missing_lines": 5, "excluded_lines": 0, "num_branches": 12, "num_partial_branches": 5, "covered_branches": 7, "missing_branches": 5}, "missing_lines": [25, 30, 36, 39, 52], "excluded_lines": [], "executed_branches": [[24, 27], [28, 29], [28, 51], [29, 32], [35, 38], [38, 44], [51, 54]], "missing_branches": [[24, 25], [29, 30], [35, 36], [38, 39], [51, 52]]}, "chat": {"executed_lines": [59, 60, 63, 66, 67, 68, 69, 71, 72, 74, 75, 77, 79, 80, 81, 82, 84, 89, 92, 97, 104], "summary": {"covered_lines": 21, "num_statements": 27, "percent_covered": 73.33333333333333, "percent_covered_display": "73.33", "missing_lines": 6, "excluded_lines": 0, "num_branches": 18, "num_partial_branches": 6, "covered_branches": 12, "missing_branches": 6}, "missing_lines": [61, 64, 76, 87, 90, 95], "excluded_lines": [], "executed_branches": [[60, 63], [63, 66], [71, 72], [71, 74], [75, 77], [80, 81], [80, 104], [81, 82], [81, 84], [84, 89], [89, 92], [92, 97]], "missing_branches": [[60, 61], [63, 64], [75, 76], [84, 87], [89, 90], [92, 95]]}, "_handle_thread_chat": {"executed_lines": [113, 115, 116, 119, 126, 127, 138, 144, 147], "summary": {"covered_lines": 9, "num_statements": 14, "percent_covered": 61.111111111111114, "percent_covered_display": "61.11", "missing_lines": 5, "excluded_lines": 0, "num_branches": 4, "num_partial_branches": 2, "covered_branches": 2, "missing_branches": 2}, "missing_lines": [133, 134, 135, 136, 145], "excluded_lines": [], "executed_branches": [[116, 119], [144, 147]], "missing_branches": [[116, 126], [144, 145]]}, "_handle_main_chat": {"executed_lines": [151, 153, 154, 155, 156, 158, 159, 160, 165, 169, 175, 176, 183, 184, 185, 186, 190, 196, 197, 198, 199, 201], "summary": {"covered_lines": 22, "num_statements": 24, "percent_covered": 91.17647058823529, "percent_covered_display": "91.18", "missing_lines": 2, "excluded_lines": 0, "num_branches": 10, "num_partial_branches": 1, "covered_branches": 9, "missing_branches": 1}, "missing_lines": [187, 188], "excluded_lines": [], "executed_branches": [[158, 159], [158, 175], [160, 165], [160, 175], [175, 176], [196, 197], [196, 198], [198, 199], [198, 201]], "missing_branches": [[175, 183]]}, "chat_history": {"executed_lines": [206, 207, 209], "summary": {"covered_lines": 3, "num_statements": 3, "percent_covered": 100.0, "percent_covered_display": "100.00", "missing_lines": 0, "excluded_lines": 0, "num_branches": 2, "num_partial_branches": 0, "covered_branches": 2, "missing_branches": 0}, "missing_lines": [], "excluded_lines": [], "executed_branches": [[206, 207], [206, 209]], "missing_branches": []}, "delete_chat_history": {"executed_lines": [214, 215, 217, 218], "summary": {"covered_lines": 4, "num_statements": 4, "percent_covered": 100.0, "percent_covered_display": "100.00", "missing_lines": 0, "excluded_lines": 0, "num_branches": 2, "num_partial_branches": 0, "covered_branches": 2, "missing_branches": 0}, "missing_lines": [], "excluded_lines": [], "executed_branches": [[214, 215], [214, 217]], "missing_branches": []}, "": {"executed_lines": [1, 3, 8, 20, 23, 57, 58, 107, 150, 204, 205, 212, 213], "summary": {"covered_lines": 13, "num_statements": 13, "percent_covered": 100.0, "percent_covered_display": "100.00", "missing_lines": 0, "excluded_lines": 0, "num_branches": 0, "num_partial_branches": 0, "covered_branches": 0, "missing_branches": 0}, "missing_lines": [], "excluded_lines": [], "executed_branches": [], "missing_branches": []}}, "classes": {"": {"executed_lines": [1, 3, 8, 20, 23, 24, 27, 28, 29, 32, 33, 35, 38, 44, 51, 54, 57, 58, 59, 60, 63, 66, 67, 68, 69, 71, 72, 74, 75, 77, 79, 80, 81, 82, 84, 89, 92, 97, 104, 107, 113, 115, 116, 119, 126, 127, 138, 144, 147, 150, 151, 153, 154, 155, 156, 158, 159, 160, 165, 169, 175, 176, 183, 184, 185, 186, 190, 196, 197, 198, 199, 201, 204, 205, 206, 207, 209, 212, 213, 214, 215, 217, 218], "summary": {"covered_lines": 83, "num_statements": 101, "percent_covered": 78.52348993288591, "percent_covered_display": "78.52", "missing_lines": 18, "excluded_lines": 0, "num_branches": 48, "num_partial_branches": 14, "covered_branches": 34, "missing_branches": 14}, "missing_lines": [25, 30, 36, 39, 52, 61, 64, 76, 87, 90, 95, 133, 134, 135, 136, 145, 187, 188], "excluded_lines": [], "executed_branches": [[24, 27], [28, 29], [28, 51], [29, 32], [35, 38], [38, 44], [51, 54], [60, 63], [63, 66], [71, 72], [71, 74], [75, 77], [80, 81], [80, 104], [81, 82], [81, 84], [84, 89], [89, 92], [92, 97], [116, 119], [144, 147], [158, 159], [158, 175], [160, 165], [160, 175], [175, 176], [196, 197], [196, 198], [198, 199], [198, 201], [206, 207], [206, 209], [214, 215], [214, 217]], "missing_branches": [[24, 25], [29, 30], [35, 36], [38, 39], [51, 52], [60, 61], [63, 64], [75, 76], [84, 87], [89, 90], [92, 95], [116, 126], [144, 145], [175, 183]]}}}, "backend/routes/create_character.py": {"executed_lines": [1, 3, 4, 5, 6, 8, 11, 12, 13, 14, 17, 20, 21, 22, 24, 27, 30, 33, 36, 37, 38, 40, 41, 43, 48, 49, 50, 52], "summary": {"covered_lines": 28, "num_statements": 34, "percent_covered": 76.0, "percent_covered_display": "76.00", "missing_lines": 6, "excluded_lines": 0, "num_branches": 16, "num_partial_branches": 6, "covered_branches": 10, "missing_branches": 6}, "missing_lines": [15, 18, 25, 28, 31, 34], "excluded_lines": [], "executed_branches": [[14, 17], [17, 20], [24, 27], [27, 30], [30, 33], [33, 36], [37, 38], [37, 40], [40, 41], [40, 43]], "missing_branches": [[14, 15], [17, 18], [24, 25], [27, 28], [30, 31], [33, 34]], "functions": {"create_character": {"executed_lines": [13, 14, 17, 20, 21, 22, 24, 27, 30, 33, 36, 37, 38, 40, 41, 43, 48, 49, 50, 52], "summary": {"covered_lines": 20, "num_statements": 26, "percent_covered": 71.42857142857143, "percent_covered_display": "71.43", "missing_lines": 6, "excluded_lines": 0, "num_branches": 16, "num_partial_branches": 6, "covered_branches": 10, "missing_branches": 6}, "missing_lines": [15, 18, 25, 28, 31, 34], "excluded_lines": [], "executed_branches": [[14, 17], [17, 20], [24, 27], [27, 30], [30, 33], [33, 36], [37, 38], [37, 40], [40, 41], [40, 43]], "missing_branches": [[14, 15], [17, 18], [24, 25], [27, 28], [30, 31], [33, 34]]}, "": {"executed_lines": [1, 3, 4, 5, 6, 8, 11, 12], "summary": {"covered_lines": 8, "num_statements": 8, "percent_covered": 100.0, "percent_covered_display": "100.00", "missing_lines": 0, "excluded_lines": 0, "num_branches": 0, "num_partial_branches": 0, "covered_branches": 0, "missing_branches": 0}, "missing_lines": [], "excluded_lines": [], "executed_branches": [], "missing_branches": []}}, "classes": {"": {"executed_lines": [1, 3, 4, 5, 6, 8, 11, 12, 13, 14, 17, 20, 21, 22, 24, 27, 30, 33, 36, 37, 38, 40, 41, 43, 48, 49, 50, 52], "summary": {"covered_lines": 28, "num_statements": 34, "percent_covered": 76.0, "percent_covered_display": "76.00", "missing_lines": 6, "excluded_lines": 0, "num_branches": 16, "num_partial_branches": 6, "covered_branches": 10, "missing_branches": 6}, "missing_lines": [15, 18, 25, 28, 31, 34], "excluded_lines": [], "executed_branches": [[14, 17], [17, 20], [24, 27], [27, 30], [30, 33], [33, 36], [37, 38], [37, 40], [40, 41], [40, 43]], "missing_branches": [[14, 15], [17, 18], [24, 25], [27, 28], [30, 31], [33, 34]]}}}, "backend/routes/create_word.py": {"executed_lines": [1, 3, 4, 5, 7, 10, 11, 12, 13, 16, 19, 20, 22, 25, 28, 31, 34, 35, 37, 38, 40, 45, 46, 52, 55, 56, 58, 59, 60, 61, 64, 65, 66, 68, 69, 71], "summary": {"covered_lines": 36, "num_statements": 44, "percent_covered": 75.0, "percent_covered_display": "75.00", "missing_lines": 8, "excluded_lines": 0, "num_branches": 24, "num_partial_branches": 9, "covered_branches": 15, "missing_branches": 9}, "missing_lines": [14, 17, 23, 26, 29, 32, 53, 62], "excluded_lines": [], "executed_branches": [[13, 16], [16, 19], [22, 25], [25, 28], [28, 31], [31, 34], [37, 38], [37, 40], [45, 46], [45, 52], [52, 55], [59, 60], [59, 68], [61, 64], [64, 65]], "missing_branches": [[13, 14], [16, 17], [22, 23], [25, 26], [28, 29], [31, 32], [52, 53], [61, 62], [64, 59]], "functions": {"create_word": {"executed_lines": [12, 13, 16, 19, 20, 22, 25, 28, 31, 34, 35, 37, 38, 40, 45, 46, 52, 55, 56, 58, 59, 60, 61, 64, 65, 66, 68, 69, 71], "summary": {"covered_lines": 29, "num_statements": 37, "percent_covered": 72.1311475409836, "percent_covered_display": "72.13", "missing_lines": 8, "excluded_lines": 0, "num_branches": 24, "num_partial_branches": 9, "covered_branches": 15, "missing_branches": 9}, "missing_lines": [14, 17, 23, 26, 29, 32, 53, 62], "excluded_lines": [], "executed_branches": [[13, 16], [16, 19], [22, 25], [25, 28], [28, 31], [31, 34], [37, 38], [37, 40], [45, 46], [45, 52], [52, 55], [59, 60], [59, 68], [61, 64], [64, 65]], "missing_branches": [[13, 14], [16, 17], [22, 23], [25, 26], [28, 29], [31, 32], [52, 53], [61, 62], [64, 59]]}, "": {"executed_lines": [1, 3, 4, 5, 7, 10, 11], "summary": {"covered_lines": 7, "num_statements": 7, "percent_covered": 100.0, "percent_covered_display": "100.00", "missing_lines": 0, "excluded_lines": 0, "num_branches": 0, "num_partial_branches": 0, "covered_branches": 0, "missing_branches": 0}, "missing_lines": [], "excluded_lines": [], "executed_branches": [], "missing_branches": []}}, "classes": {"": {"executed_lines": [1, 3, 4, 5, 7, 10, 11, 12, 13, 16, 19, 20, 22, 25, 28, 31, 34, 35, 37, 38, 40, 45, 46, 52, 55, 56, 58, 59, 60, 61, 64, 65, 66, 68, 69, 71], "summary": {"covered_lines": 36, "num_statements": 44, "percent_covered": 75.0, "percent_covered_display": "75.00", "missing_lines": 8, "excluded_lines": 0, "num_branches": 24, "num_partial_branches": 9, "covered_branches": 15, "missing_branches": 9}, "missing_lines": [14, 17, 23, 26, 29, 32, 53, 62], "excluded_lines": [], "executed_branches": [[13, 16], [16, 19], [22, 25], [25, 28], [28, 31], [31, 34], [37, 38], [37, 40], [45, 46], [45, 52], [52, 55], [59, 60], [59, 68], [61, 64], [64, 65]], "missing_branches": [[13, 14], [16, 17], [22, 23], [25, 26], [28, 29], [31, 32], [52, 53], [61, 62], [64, 59]]}}}, "backend/routes/delete_character.py": {"executed_lines": [1, 3, 4, 5, 7, 10, 11, 12, 13, 14, 16, 17, 18, 19, 21], "summary": {"covered_lines": 15, "num_statements": 15, "percent_covered": 100.0, "percent_covered_display": "100.00", "missing_lines": 0, "excluded_lines": 0, "num_branches": 2, "num_partial_branches": 0, "covered_branches": 2, "missing_branches": 0}, "missing_lines": [], "excluded_lines": [], "executed_branches": [[13, 14], [13, 16]], "missing_branches": [], "functions": {"delete_character": {"executed_lines": [12, 13, 14, 16, 17, 18, 19, 21], "summary": {"covered_lines": 8, "num_statements": 8, "percent_covered": 100.0, "percent_covered_display": "100.00", "missing_lines": 0, "excluded_lines": 0, "num_branches": 2, "num_partial_branches": 0, "covered_branches": 2, "missing_branches": 0}, "missing_lines": [], "excluded_lines": [], "executed_branches": [[13, 14], [13, 16]], "missing_branches": []}, "": {"executed_lines": [1, 3, 4, 5, 7, 10, 11], "summary": {"covered_lines": 7, "num_statements": 7, "percent_covered": 100.0, "percent_covered_display": "100.00", "missing_lines": 0, "excluded_lines": 0, "num_branches": 0, "num_partial_branches": 0, "covered_branches": 0, "missing_branches": 0}, "missing_lines": [], "excluded_lines": [], "executed_branches": [], "missing_branches": []}}, "classes": {"": {"executed_lines": [1, 3, 4, 5, 7, 10, 11, 12, 13, 14, 16, 17, 18, 19, 21], "summary": {"covered_lines": 15, "num_statements": 15, "percent_covered": 100.0, "percent_covered_display": "100.00", "missing_lines": 0, "excluded_lines": 0, "num_branches": 2, "num_partial_branches": 0, "covered_branches": 2, "missing_branches": 0}, "missing_lines": [], "excluded_lines": [], "executed_branches": [[13, 14], [13, 16]], "missing_branches": []}}}, "backend/routes/delete_word.py": {"executed_lines": [1, 3, 4, 6, 9, 10, 11, 12, 13, 15, 16, 17, 19], "summary": {"covered_lines": 13, "num_statements": 13, "percent_covered": 100.0, "percent_covered_display": "100.00", "missing_lines": 0, "excluded_lines": 0, "num_branches": 2, "num_partial_branches": 0, "covered_branches": 2, "missing_branches": 0}, "missing_lines": [], "excluded_lines": [], "executed_branches": [[12, 13], [12, 15]], "missing_branches": [], "functions": {"delete_word": {"executed_lines": [11, 12, 13, 15, 16, 17, 19], "summary": {"covered_lines": 7, "num_statements": 7, "percent_covered": 100.0, "percent_covered_display": "100.00", "missing_lines": 0, "excluded_lines": 0, "num_branches": 2, "num_partial_branches": 0, "covered_branches": 2, "missing_branches": 0}, "missing_lines": [], "excluded_lines": [], "executed_branches": [[12, 13], [12, 15]], "missing_branches": []}, "": {"executed_lines": [1, 3, 4, 6, 9, 10], "summary": {"covered_lines": 6, "num_statements": 6, "percent_covered": 100.0, "percent_covered_display": "100.00", "missing_lines": 0, "excluded_lines": 0, "num_branches": 0, "num_partial_branches": 0, "covered_branches": 0, "missing_branches": 0}, "missing_lines": [], "excluded_lines": [], "executed_branches": [], "missing_branches": []}}, "classes": {"": {"executed_lines": [1, 3, 4, 6, 9, 10, 11, 12, 13, 15, 16, 17, 19], "summary": {"covered_lines": 13, "num_statements": 13, "percent_covered": 100.0, "percent_covered_display": "100.00", "missing_lines": 0, "excluded_lines": 0, "num_branches": 2, "num_partial_branches": 0, "covered_branches": 2, "missing_branches": 0}, "missing_lines": [], "excluded_lines": [], "executed_branches": [[12, 13], [12, 15]], "missing_branches": []}}}, "backend/routes/export_database.py": {"executed_lines": [1, 3, 5, 8, 9, 10, 11], "summary": {"covered_lines": 7, "num_statements": 7, "percent_covered": 100.0, "percent_covered_display": "100.00", "missing_lines": 0, "excluded_lines": 0, "num_branches": 0, "num_partial_branches": 0, "covered_branches": 0, "missing_branches": 0}, "missing_lines": [], "excluded_lines": [], "executed_branches": [], "missing_branches": [], "functions": {"export_database": {"executed_lines": [10, 11], "summary": {"covered_lines": 2, "num_statements": 2, "percent_covered": 100.0, "percent_covered_display": "100.00", "missing_lines": 0, "excluded_lines": 0, "num_branches": 0, "num_partial_branches": 0, "covered_branches": 0, "missing_branches": 0}, "missing_lines": [], "excluded_lines": [], "executed_branches": [], "missing_branches": []}, "": {"executed_lines": [1, 3, 5, 8, 9], "summary": {"covered_lines": 5, "num_statements": 5, "percent_covered": 100.0, "percent_covered_display": "100.00", "missing_lines": 0, "excluded_lines": 0, "num_branches": 0, "num_partial_branches": 0, "covered_branches": 0, "missing_branches": 0}, "missing_lines": [], "excluded_lines": [], "executed_branches": [], "missing_branches": []}}, "classes": {"": {"executed_lines": [1, 3, 5, 8, 9, 10, 11], "summary": {"covered_lines": 7, "num_statements": 7, "percent_covered": 100.0, "percent_covered_display": "100.00", "missing_lines": 0, "excluded_lines": 0, "num_branches": 0, "num_partial_branches": 0, "covered_branches": 0, "missing_branches": 0}, "missing_lines": [], "excluded_lines": [], "executed_branches": [], "missing_branches": []}}}, "backend/routes/get_hsk_level.py": {"executed_lines": [1, 3, 5, 8, 9, 10], "summary": {"covered_lines": 6, "num_statements": 6, "percent_covered": 100.0, "percent_covered_display": "100.00", "missing_lines": 0, "excluded_lines": 0, "num_branches": 0, "num_partial_branches": 0, "covered_branches": 0, "missing_branches": 0}, "missing_lines": [], "excluded_lines": [], "executed_branches": [], "missing_branches": [], "functions": {"get_hsk_level": {"executed_lines": [10], "summary": {"covered_lines": 1, "num_statements": 1, "percent_covered": 100.0, "percent_covered_display": "100.00", "missing_lines": 0, "excluded_lines": 0, "num_branches": 0, "num_partial_branches": 0, "covered_branches": 0, "missing_branches": 0}, "missing_lines": [], "excluded_lines": [], "executed_branches": [], "missing_branches": []}, "": {"executed_lines": [1, 3, 5, 8, 9], "summary": {"covered_lines": 5, "num_statements": 5, "percent_covered": 100.0, "percent_covered_display": "100.00", "missing_lines": 0, "excluded_lines": 0, "num_branches": 0, "num_partial_branches": 0, "covered_branches": 0, "missing_branches": 0}, "missing_lines": [], "excluded_lines": [], "executed_branches": [], "missing_branches": []}}, "classes": {"": {"executed_lines": [1, 3, 5, 8, 9, 10], "summary": {"covered_lines": 6, "num_statements": 6, "percent_covered": 100.0, "percent_covered_display": "100.00", "missing_lines": 0, "excluded_lines": 0, "num_branches": 0, "num_partial_branches": 0, "covered_branches": 0, "missing_branches": 0}, "missing_lines": [], "excluded_lines": [], "executed_branches": [], "missing_branches": []}}}, "backend/routes/health.py": {"executed_lines": [1, 3, 6, 7], "summary": {"covered_lines": 4, "num_statements": 5, "percent_covered": 80.0, "percent_covered_display": "80.00", "missing_lines": 1, "excluded_lines": 0, "num_branches": 0, "num_partial_branches": 0, "covered_branches": 0, "missing_branches": 0}, "missing_lines": [8], "excluded_lines": [], "executed_branches": [], "missing_branches": [], "functions": {"health": {"executed_lines": [], "summary": {"covered_lines": 0, "num_statements": 1, "percent_covered": 0.0, "percent_covered_display": "0.00", "missing_lines": 1, "excluded_lines": 0, "num_branches": 0, "num_partial_branches": 0, "cove
[...]
hes": []}, "words_by_new_level": {"executed_lines": [59, 61, 62, 63, 64, 65, 66, 67, 68, 72, 73, 75], "summary": {"covered_lines": 12, "num_statements": 12, "percent_covered": 95.45454545454545, "percent_covered_display": "95.45", "missing_lines": 0, "excluded_lines": 0, "num_branches": 10, "num_partial_branches": 1, "covered_branches": 9, "missing_branches": 1}, "missing_lines": [], "excluded_lines": [], "executed_branches": [[61, 62], [61, 72], [62, 61], [62, 63], [64, 65], [64, 66], [67, 68], [72, 73], [72, 75]], "missing_branches": [[67, 62]]}, "": {"executed_lines": [1, 3, 5, 6, 7, 8, 9, 11, 14, 15, 17, 20, 26, 31, 51], "summary": {"covered_lines": 14, "num_statements": 14, "percent_covered": 100.0, "percent_covered_display": "100.00", "missing_lines": 0, "excluded_lines": 0, "num_branches": 0, "num_partial_branches": 0, "covered_branches": 0, "missing_branches": 0}, "missing_lines": [], "excluded_lines": [], "executed_branches": [], "missing_branches": []}}, "classes": {"": {"executed_lines": [1, 3, 5, 6, 7, 8, 9, 11, 14, 15, 17, 20, 22, 23, 26, 28, 31, 36, 37, 38, 40, 41, 42, 43, 48, 51, 59, 61, 62, 63, 64, 65, 66, 67, 68, 72, 73, 75], "summary": {"covered_lines": 37, "num_statements": 37, "percent_covered": 97.95918367346938, "percent_covered_display": "97.96", "missing_lines": 0, "excluded_lines": 0, "num_branches": 12, "num_partial_branches": 1, "covered_branches": 11, "missing_branches": 1}, "missing_lines": [], "excluded_lines": [], "executed_branches": [[36, 37], [36, 40], [61, 62], [61, 72], [62, 61], [62, 63], [64, 65], [64, 66], [67, 68], [72, 73], [72, 75]], "missing_branches": [[67, 62]]}}}, "backend/routes/list_characters.py": {"executed_lines": [1, 3, 5, 8, 9, 10, 11], "summary": {"covered_lines": 7, "num_statements": 7, "percent_covered": 100.0, "percent_covered_display": "100.00", "missing_lines": 0, "excluded_lines": 0, "num_branches": 0, "num_partial_branches": 0, "covered_branches": 0, "missing_branches": 0}, "missing_lines": [], "excluded_lines": [], "executed_branches": [], "missing_branches": [], "functions": {"list_characters": {"executed_lines": [10, 11], "summary": {"covered_lines": 2, "num_statements": 2, "percent_covered": 100.0, "percent_covered_display": "100.00", "missing_lines": 0, "excluded_lines": 0, "num_branches": 0, "num_partial_branches": 0, "covered_branches": 0, "missing_branches": 0}, "missing_lines": [], "excluded_lines": [], "executed_branches": [], "missing_branches": []}, "": {"executed_lines": [1, 3, 5, 8, 9], "summary": {"covered_lines": 5, "num_statements": 5, "percent_covered": 100.0, "percent_covered_display": "100.00", "missing_lines": 0, "excluded_lines": 0, "num_branches": 0, "num_partial_branches": 0, "covered_branches": 0, "missing_branches": 0}, "missing_lines": [], "excluded_lines": [], "executed_branches": [], "missing_branches": []}}, "classes": {"": {"executed_lines": [1, 3, 5, 8, 9, 10, 11], "summary": {"covered_lines": 7, "num_statements": 7, "percent_covered": 100.0, "percent_covered_display": "100.00", "missing_lines": 0, "excluded_lines": 0, "num_branches": 0, "num_partial_branches": 0, "covered_branches": 0, "missing_branches": 0}, "missing_lines": [], "excluded_lines": [], "executed_branches": [], "missing_branches": []}}}, "backend/routes/list_hsk_character_words.py": {"executed_lines": [1, 3, 5, 8, 9, 10, 11, 12, 14, 15, 16, 17, 19, 20], "summary": {"covered_lines": 14, "num_statements": 14, "percent_covered": 100.0, "percent_covered_display": "100.00", "missing_lines": 0, "excluded_lines": 0, "num_branches": 4, "num_partial_branches": 0, "covered_branches": 4, "missing_branches": 0}, "missing_lines": [], "excluded_lines": [], "executed_branches": [[11, 12], [11, 14], [16, 17], [16, 19]], "missing_branches": [], "functions": {"list_hsk_character_words": {"executed_lines": [10, 11, 12, 14, 15, 16, 17, 19, 20], "summary": {"covered_lines": 9, "num_statements": 9, "percent_covered": 100.0, "percent_covered_display": "100.00", "missing_lines": 0, "excluded_lines": 0, "num_branches": 4, "num_partial_branches": 0, "covered_branches": 4, "missing_branches": 0}, "missing_lines": [], "excluded_lines": [], "executed_branches": [[11, 12], [11, 14], [16, 17], [16, 19]], "missing_branches": []}, "": {"executed_lines": [1, 3, 5, 8, 9], "summary": {"covered_lines": 5, "num_statements": 5, "percent_covered": 100.0, "percent_covered_display": "100.00", "missing_lines": 0, "excluded_lines": 0, "num_branches": 0, "num_partial_branches": 0, "covered_branches": 0, "missing_branches": 0}, "missing_lines": [], "excluded_lines": [], "executed_branches": [], "missing_branches": []}}, "classes": {"": {"executed_lines": [1, 3, 5, 8, 9, 10, 11, 12, 14, 15, 16, 17, 19, 20], "summary": {"covered_lines": 14, "num_statements": 14, "percent_covered": 100.0, "percent_covered_display": "100.00", "missing_lines": 0, "excluded_lines": 0, "num_branches": 4, "num_partial_branches": 0, "covered_branches": 4, "missing_branches": 0}, "missing_lines": [], "excluded_lines": [], "executed_branches": [[11, 12], [11, 14], [16, 17], [16, 19]], "missing_branches": []}}}, "backend/routes/list_hsk_characters.py": {"executed_lines": [1, 3, 5, 8, 9, 10, 13], "summary": {"covered_lines": 7, "num_statements": 7, "percent_covered": 100.0, "percent_covered_display": "100.00", "missing_lines": 0, "excluded_lines": 0, "num_branches": 0, "num_partial_branches": 0, "covered_branches": 0, "missing_branches": 0}, "missing_lines": [], "excluded_lines": [], "executed_branches": [], "missing_branches": [], "functions": {"list_hsk_characters": {"executed_lines": [10, 13], "summary": {"covered_lines": 2, "num_statements": 2, "percent_covered": 100.0, "percent_covered_display": "100.00", "missing_lines": 0, "excluded_lines": 0, "num_branches": 0, "num_partial_branches": 0, "covered_branches": 0, "missing_branches": 0}, "missing_lines": [], "excluded_lines": [], "executed_branches": [], "missing_branches": []}, "": {"executed_lines": [1, 3, 5, 8, 9], "summary": {"covered_lines": 5, "num_statements": 5, "percent_covered": 100.0, "percent_covered_display": "100.00", "missing_lines": 0, "excluded_lines": 0, "num_branches": 0, "num_partial_branches": 0, "covered_branches": 0, "missing_branches": 0}, "missing_lines": [], "excluded_lines": [], "executed_branches": [], "missing_branches": []}}, "classes": {"": {"executed_lines": [1, 3, 5, 8, 9, 10, 13], "summary": {"covered_lines": 7, "num_statements": 7, "percent_covered": 100.0, "percent_covered_display": "100.00", "missing_lines": 0, "excluded_lines": 0, "num_branches": 0, "num_partial_branches": 0, "covered_branches": 0, "missing_branches": 0}, "missing_lines": [], "excluded_lines": [], "executed_branches": [], "missing_branches": []}}}, "backend/routes/list_words.py": {"executed_lines": [1, 3, 5, 8, 9, 10, 11], "summary": {"covered_lines": 7, "num_statements": 7, "percent_covered": 100.0, "percent_covered_display": "100.00", "missing_lines": 0, "excluded_lines": 0, "num_branches": 0, "num_partial_branches": 0, "covered_branches": 0, "missing_branches": 0}, "missing_lines": [], "excluded_lines": [], "executed_branches": [], "missing_branches": [], "functions": {"list_words": {"executed_lines": [10, 11], "summary": {"covered_lines": 2, "num_statements": 2, "percent_covered": 100.0, "percent_covered_display": "100.00", "missing_lines": 0, "excluded_lines": 0, "num_branches": 0, "num_partial_branches": 0, "covered_branches": 0, "missing_branches": 0}, "missing_lines": [], "excluded_lines": [], "executed_branches": [], "missing_branches": []}, "": {"executed_lines": [1, 3, 5, 8, 9], "summary": {"covered_lines": 5, "num_statements": 5, "percent_covered": 100.0, "percent_covered_display": "100.00", "missing_lines": 0, "excluded_lines": 0, "num_branches": 0, "num_partial_branches": 0, "covered_branches": 0, "missing_branches": 0}, "missing_lines": [], "excluded_lines": [], "executed_branches": [], "missing_branches": []}}, "classes": {"": {"executed_lines": [1, 3, 5, 8, 9, 10, 11], "summary": {"covered_lines": 7, "num_statements": 7, "percent_covered": 100.0, "percent_covered_display": "100.00", "missing_lines": 0, "excluded_lines": 0, "num_branches": 0, "num_partial_branches": 0, "covered_branches": 0, "missing_branches": 0}, "missing_lines": [], "excluded_lines": [], "executed_branches": [], "missing_branches": []}}}, "backend/routes/llm_config.py": {"executed_lines": [1, 3, 4, 6, 9, 10, 11, 14, 15, 16, 17, 18, 20, 23, 31, 32, 34, 37, 40, 41, 43], "summary": {"covered_lines": 21, "num_statements": 25, "percent_covered": 77.14285714285714, "percent_covered_display": "77.14", "missing_lines": 4, "excluded_lines": 0, "num_branches": 10, "num_partial_branches": 4, "covered_branches": 6, "missing_branches": 4}, "missing_lines": [21, 24, 35, 38], "excluded_lines": [], "executed_branches": [[17, 18], [17, 20], [20, 23], [23, 31], [34, 37], [37, 40]], "missing_branches": [[20, 21], [23, 24], [34, 35], [37, 38]], "functions": {"get_llm_config": {"executed_lines": [11], "summary": {"covered_lines": 1, "num_statements": 1, "percent_covered": 100.0, "percent_covered_display": "100.00", "missing_lines": 0, "excluded_lines": 0, "num_branches": 0, "num_partial_branches": 0, "covered_branches": 0, "missing_branches": 0}, "missing_lines": [], "excluded_lines": [], "executed_branches": [], "missing_branches": []}, "update_llm_config": {"executed_lines": [16, 17, 18, 20, 23, 31, 32, 34, 37, 40, 41, 43], "summary": {"covered_lines": 12, "num_statements": 16, "percent_covered": 69.23076923076923, "percent_covered_display": "69.23", "missing_lines": 4, "excluded_lines": 0, "num_branches": 10, "num_partial_branches": 4, "covered_branches": 6, "missing_branches": 4}, "missing_lines": [21, 24, 35, 38], "excluded_lines": [], "executed_branches": [[17, 18], [17, 20], [20, 23], [23, 31], [34, 37], [37, 40]], "missing_branches": [[20, 21], [23, 24], [34, 35], [37, 38]]}, "": {"executed_lines": [1, 3, 4, 6, 9, 10, 14, 15], "summary": {"covered_lines": 8, "num_statements": 8, "percent_covered": 100.0, "percent_covered_display": "100.00", "missing_lines": 0, "excluded_lines": 0, "num_branches": 0, "num_partial_branches": 0, "covered_branches": 0, "missing_branches": 0}, "missing_lines": [], "excluded_lines": [], "executed_branches": [], "missing_branches": []}}, "classes": {"": {"executed_lines": [1, 3, 4, 6, 9, 10, 11, 14, 15, 16, 17, 18, 20, 23, 31, 32, 34, 37, 40, 41, 43], "summary": {"covered_lines": 21, "num_statements": 25, "percent_covered": 77.14285714285714, "percent_covered_display": "77.14", "missing_lines": 4, "excluded_lines": 0, "num_branches": 10, "num_partial_branches": 4, "covered_branches": 6, "missing_branches": 4}, "missing_lines": [21, 24, 35, 38], "excluded_lines": [], "executed_branches": [[17, 18], [17, 20], [20, 23], [23, 31], [34, 37], [37, 40]], "missing_branches": [[20, 21], [23, 24], [34, 35], [37, 38]]}}}, "backend/routes/load_hsk_content.py": {"executed_lines": [], "summary": {"covered_lines": 0, "num_statements": 24, "percent_covered": 0.0, "percent_covered_display": "0.00", "missing_lines": 24, "excluded_lines": 0, "num_branches": 6, "num_partial_branches": 0, "covered_branches": 0, "missing_branches": 6}, "missing_lines": [3, 5, 6, 8, 9, 10, 11, 14, 15, 16, 17, 19, 21, 23, 24, 25, 26, 27, 29, 30, 31, 32, 35, 36], "excluded_lines": [], "executed_branches": [], "missing_branches": [[16, 17], [16, 19], [29, 30], [29, 31], [35, -1], [35, 36]], "functions": {"main": {"executed_lines": [], "summary": {"covered_lines": 0, "num_statements": 14, "percent_covered": 0.0, "percent_covered_display": "0.00", "missing_lines": 14, "excluded_lines": 0, "num_branches": 4, "num_partial_branches": 0, "covered_branches": 0, "missing_branches": 4}, "missing_lines": [15, 16, 17, 19, 21, 23, 24, 25, 26, 27, 29, 30, 31, 32], "excluded_lines": [], "executed_branches": [], "missing_branches": [[16, 17], [16, 19], [29, 30], [29, 31]]}, "": {"executed_lines": [], "summary": {"covered_lines": 0, "num_statements": 10, "percent_covered": 0.0, "percent_covered_display": "0.00", "missing_lines": 10, "excluded_lines": 0, "num_branches": 2, "num_partial_branches": 0, "covered_branches": 0, "missing_branches": 2}, "missing_lines": [3, 5, 6, 8, 9, 10, 11, 14, 35, 36], "excluded_lines": [], "executed_branches": [], "missing_branches": [[35, -1], [35, 36]]}}, "classes": {"": {"executed_lines": [], "summary": {"covered_lines": 0, "num_statements": 24, "percent_covered": 0.0, "percent_covered_display": "0.00", "missing_lines": 24, "excluded_lines": 0, "num_branches": 6, "num_partial_branches": 0, "covered_branches": 0, "missing_branches": 6}, "missing_lines": [3, 5, 6, 8, 9, 10, 11, 14, 15, 16, 17, 19, 21, 23, 24, 25, 26, 27, 29, 30, 31, 32, 35, 36], "excluded_lines": [], "executed_branches": [], "missing_branches": [[16, 17], [16, 19], [29, 30], [29, 31], [35, -1], [35, 36]]}}}, "backend/routes/update_character.py": {"executed_lines": [1, 3, 4, 5, 7, 10, 11, 12, 13, 14, 16, 17, 20, 21, 23, 24, 26, 29, 32, 35, 36, 37, 38, 39, 41], "summary": {"covered_lines": 25, "num_statements": 29, "percent_covered": 80.48780487804878, "percent_covered_display": "80.49", "missing_lines": 4, "excluded_lines": 0, "num_branches": 12, "num_partial_branches": 4, "covered_branches": 8, "missing_branches": 4}, "missing_lines": [18, 27, 30, 33], "excluded_lines": [], "executed_branches": [[13, 14], [13, 16], [17, 20], [20, 21], [20, 23], [26, 29], [29, 32], [32, 35]], "missing_branches": [[17, 18], [26, 27], [29, 30], [32, 33]], "functions": {"update_character": {"executed_lines": [12, 13, 14, 16, 17, 20, 21, 23, 24, 26, 29, 32, 35, 36, 37, 38, 39, 41], "summary": {"covered_lines": 18, "num_statements": 22, "percent_covered": 76.47058823529412, "percent_covered_display": "76.47", "missing_lines": 4, "excluded_lines": 0, "num_branches": 12, "num_partial_branches": 4, "covered_branches": 8, "missing_branches": 4}, "missing_lines": [18, 27, 30, 33], "excluded_lines": [], "executed_branches": [[13, 14], [13, 16], [17, 20], [20, 21], [20, 23], [26, 29], [29, 32], [32, 35]], "missing_branches": [[17, 18], [26, 27], [29, 30], [32, 33]]}, "": {"executed_lines": [1, 3, 4, 5, 7, 10, 11], "summary": {"covered_lines": 7, "num_statements": 7, "percent_covered": 100.0, "percent_covered_display": "100.00", "missing_lines": 0, "excluded_lines": 0, "num_branches": 0, "num_partial_branches": 0, "covered_branches": 0, "missing_branches": 0}, "missing_lines": [], "excluded_lines": [], "executed_branches": [], "missing_branches": []}}, "classes": {"": {"executed_lines": [1, 3, 4, 5, 7, 10, 11, 12, 13, 14, 16, 17, 20, 21, 23, 24, 26, 29, 32, 35, 36, 37, 38, 39, 41], "summary": {"covered_lines": 25, "num_statements": 29, "percent_covered": 80.48780487804878, "percent_covered_display": "80.49", "missing_lines": 4, "excluded_lines": 0, "num_branches": 12, "num_partial_branches": 4, "covered_branches": 8, "missing_branches": 4}, "missing_lines": [18, 27, 30, 33], "excluded_lines": [], "executed_branches": [[13, 14], [13, 16], [17, 20], [20, 21], [20, 23], [26, 29], [29, 32], [32, 35]], "missing_branches": [[17, 18], [26, 27], [29, 30], [32, 33]]}}}, "backend/routes/update_word.py": {"executed_lines": [1, 3, 4, 6, 9, 10, 11, 12, 13, 15, 16, 19, 20, 22, 24, 27, 30, 31, 32, 34], "summary": {"covered_lines": 20, "num_statements": 23, "percent_covered": 81.81818181818181, "percent_covered_display": "81.82", "missing_lines": 3, "excluded_lines": 0, "num_branches": 10, "num_partial_branches": 3, "covered_branches": 7, "missing_branches": 3}, "missing_lines": [17, 25, 28], "excluded_lines": [], "executed_branches": [[12, 13], [12, 15], [16, 19], [19, 20], [19, 22], [24, 27], [27, 30]], "missing_branches": [[16, 17], [24, 25], [27, 28]], "functions": {"update_word": {"executed_lines": [11, 12, 13, 15, 16, 19, 20, 22, 24, 27, 30, 31, 32, 34], "summary": {"covered_lines": 14, "num_statements": 17, "percent_covered": 77.77777777777777, "percent_covered_display": "77.78", "missing_lines": 3, "excluded_lines": 0, "num_branches": 10, "num_partial_branches": 3, "covered_branches": 7, "missing_branches": 3}, "missing_lines": [17, 25, 28], "excluded_lines": [], "executed_branches": [[12, 13], [12, 15], [16, 19], [19, 20], [19, 22], [24, 27], [27, 30]], "missing_branches": [[16, 17], [24, 25], [27, 28]]}, "": {"executed_lines": [1, 3, 4, 6, 9, 10], "summary": {"covered_lines": 6, "num_statements": 6, "percent_covered": 100.0, "percent_covered_display": "100.00", "missing_lines": 0, "excluded_lines": 0, "num_branches": 0, "num_partial_branches": 0, "covered_branches": 0, "missing_branches": 0}, "missing_lines": [], "excluded_lines": [], "executed_branches": [], "missing_branches": []}}, "classes": {"": {"executed_lines": [1, 3, 4, 6, 9, 10, 11, 12, 13, 15, 16, 19, 20, 22, 24, 27, 30, 31, 32, 34], "summary": {"covered_lines": 20, "num_statements": 23, "percent_covered": 81.81818181818181, "percent_covered_display": "81.82", "missing_lines": 3, "excluded_lines": 0, "num_branches": 10, "num_partial_branches": 3, "covered_branches": 7, "missing_branches": 3}, "missing_lines": [17, 25, 28], "excluded_lines": [], "executed_branches": [[12, 13], [12, 15], [16, 19], [19, 20], [19, 22], [24, 27], [27, 30]], "missing_branches": [[16, 17], [24, 25], [27, 28]]}}}, "backend/test_coverage.py": {"executed_lines": [2, 4, 6, 7, 8, 9, 11, 12, 13, 16, 17, 18, 19, 20, 21, 22, 30, 31, 32, 33, 35, 37, 45, 48, 49, 66, 67, 72, 73, 78, 79, 80, 83], "summary": {"covered_lines": 32, "num_statements": 33, "percent_covered": 94.87179487179488, "percent_covered_display": "94.87", "missing_lines": 1, "excluded_lines": 0, "num_branches": 6, "num_partial_branches": 1, "covered_branches": 5, "missing_branches": 1}, "missing_lines": [84], "excluded_lines": [], "executed_branches": [[30, 31], [30, 32], [32, 33], [32, 35], [83, -2]], "missing_branches": [[83, 84]], "functions": {"write_summary": {"executed_lines": [17, 18, 19, 20, 21, 22, 30, 31, 32, 33, 35, 37, 45], "summary": {"covered_lines": 13, "num_statements": 13, "percent_covered": 100.0, "percent_covered_display": "100.00", "missing_lines": 0, "excluded_lines": 0, "num_branches": 4, "num_partial_branches": 0, "covered_branches": 4, "missing_branches": 0}, "missing_lines": [], "excluded_lines": [], "executed_branches": [[30, 31], [30, 32], [32, 33], [32, 35]], "missing_branches": []}, "main": {"executed_lines": [49, 66, 67, 72, 73, 78, 79, 80], "summary": {"covered_lines": 8, "num_statements": 8, "percent_covered": 100.0, "percent_covered_display": "100.00", "missing_lines": 0, "excluded_lines": 0, "num_branches": 0, "num_partial_branches": 0, "covered_branches": 0, "missing_branches": 0}, "missing_lines": [], "excluded_lines": [], "executed_branches": [], "missing_branches": []}, "": {"executed_lines": [2, 4, 6, 7, 8, 9, 11, 12, 13, 16, 48, 83], "summary": {"covered_lines": 11, "num_statements": 12, "percent_covered": 85.71428571428571, "percent_covered_display": "85.71", "missing_lines": 1, "excluded_lines": 0, "num_branches": 2, "num_partial_branches": 1, "covered_branches": 1, "missing_branches": 1}, "missing_lines": [84], "excluded_lines": [], "executed_branches": [[83, -2]], "missing_branches": [[83, 84]]}}, "classes": {"": {"executed_lines": [2, 4, 6, 7, 8, 9, 11, 12, 13, 16, 17, 18, 19, 20, 21, 22, 30, 31, 32, 33, 35, 37, 45, 48, 49, 66, 67, 72, 73, 78, 79, 80, 83], "summary": {"covered_lines": 32, "num_statements": 33, "percent_covered": 94.87179487179488, "percent_covered_display": "94.87", "missing_lines": 1, "excluded_lines": 0, "num_branches": 6, "num_partial_branches": 1, "covered_branches": 5, "missing_branches": 1}, "missing_lines": [84], "excluded_lines": [], "executed_branches": [[30, 31], [30, 32], [32, 33], [32, 35], [83, -2]], "missing_branches": [[83, 84]]}}}}, "totals": {"covered_lines": 947, "num_statements": 1105, "percent_covered": 81.50170648464164, "percent_covered_display": "81.50", "missing_lines": 158, "excluded_lines": 0, "num_branches": 360, "num_partial_branches": 89, "covered_branches": 247, "missing_branches": 113}}