{"total": {"lines":{"total":184,"covered":126,"skipped":0,"pct":68.47},"statements":{"total":186,"covered":127,"skipped":0,"pct":68.27},"functions":{"total":73,"covered":51,"skipped":0,"pct":69.86},"branches":{"total":87,"covered":53,"skipped":0,"pct":60.91},"branchesTrue":{"total":0,"covered":0,"skipped":0,"pct":100}}
,"/Users/julienmazars/Desktop/Dev/learn-mandarin/frontend/src/App.tsx": {"lines":{"total":4,"covered":4,"skipped":0,"pct":100},"functions":{"total":1,"covered":1,"skipped":0,"pct":100},"statements":{"total":4,"covered":4,"skipped":0,"pct":100},"branches":{"total":0,"covered":0,"skipped":0,"pct":100}}
,"/Users/julienmazars/Desktop/Dev/learn-mandarin/frontend/src/components/AddWordModal.tsx": {"lines":{"total":23,"covered":22,"skipped":0,"pct":95.65},"functions":{"total":10,"covered":10,"skipped":0,"pct":100},"statements":{"total":23,"covered":22,"skipped":0,"pct":95.65},"branches":{"total":8,"covered":7,"skipped":0,"pct":87.5}}
,"/Users/julienmazars/Desktop/Dev/learn-mandarin/frontend/src/components/CharacterFormModal.tsx": {"lines":{"total":26,"covered":24,"skipped":0,"pct":92.3},"functions":{"total":7,"covered":6,"skipped":0,"pct":85.71},"statements":{"total":26,"covered":24,"skipped":0,"pct":92.3},"branches":{"total":16,"covered":15,"skipped":0,"pct":93.75}}
,"/Users/julienmazars/Desktop/Dev/learn-mandarin/frontend/src/components/ConfirmModal.tsx": {"lines":{"total":4,"covered":4,"skipped":0,"pct":100},"functions":{"total":2,"covered":2,"skipped":0,"pct":100},"statements":{"total":4,"covered":4,"skipped":0,"pct":100},"branches":{"total":2,"covered":2,"skipped":0,"pct":100}}
,"/Users/julienmazars/Desktop/Dev/learn-mandarin/frontend/src/components/Navbar.tsx": {"lines":{"total":5,"covered":5,"skipped":0,"pct":100},"functions":{"total":3,"covered":3,"skipped":0,"pct":100},"statements":{"total":5,"covered":5,"skipped":0,"pct":100},"branches":{"total":4,"covered":4,"skipped":0,"pct":100}}
,"/Users/julienmazars/Desktop/Dev/learn-mandarin/frontend/src/components/Page.tsx": {"lines":{"total":1,"covered":1,"skipped":0,"pct":100},"functions":{"total":1,"covered":1,"skipped":0,"pct":100},"statements":{"total":1,"covered":1,"skipped":0,"pct":100},"branches":{"total":0,"covered":0,"skipped":0,"pct":100}}
,"/Users/julienmazars/Desktop/Dev/learn-mandarin/frontend/src/components/Table.tsx": {"lines":{"total":6,"covered":6,"skipped":0,"pct":100},"functions":{"total":4,"covered":4,"skipped":0,"pct":100},"statements":{"total":6,"covered":6,"skipped":0,"pct":100},"branches":{"total":9,"covered":9,"skipped":0,"pct":100}}
,"/Users/julienmazars/Desktop/Dev/learn-mandarin/frontend/src/components/icons.tsx": {"lines":{"total":4,"covered":4,"skipped":0,"pct":100},"functions":{"total":4,"covered":4,"skipped":0,"pct":100},"statements":{"total":4,"covered":4,"skipped":0,"pct":100},"branches":{"total":0,"covered":0,"skipped":0,"pct":100}}
,"/Users/julienmazars/Desktop/Dev/learn-mandarin/frontend/src/pages/ChatPage.tsx": {"lines":{"total":1,"covered":1,"skipped":0,"pct":100},"functions":{"total":1,"covered":1,"skipped":0,"pct":100},"statements":{"total":1,"covered":1,"skipped":0,"pct":100},"branches":{"total":0,"covered":0,"skipped":0,"pct":100}}
,"/Users/julienmazars/Desktop/Dev/learn-mandarin/frontend/src/pages/HomePage.tsx": {"lines":{"total":1,"covered":1,"skipped":0,"pct":100},"functions":{"total":1,"covered":1,"skipped":0,"pct":100},"statements":{"total":1,"covered":1,"skipped":0,"pct":100},"branches":{"total":0,"covered":0,"skipped":0,"pct":100}}
,"/Users/julienmazars/Desktop/Dev/learn-mandarin/frontend/src/pages/KnowledgeBasePage.tsx": {"lines":{"total":92,"covered":38,"skipped":0,"pct":41.3},"functions":{"total":35,"covered":14,"skipped":0,"pct":40},"statements":{"total":94,"covered":39,"skipped":0,"pct":41.48},"branches":{"total":44,"covered":13,"skipped":0,"pct":29.54}}
,"/Users/julienmazars/Desktop/Dev/learn-mandarin/frontend/src/pages/PreferencesPage.tsx": {"lines":{"total":1,"covered":1,"skipped":0,"pct":100},"functions":{"total":1,"covered":1,"skipped":0,"pct":100},"statements":{"total":1,"covered":1,"skipped":0,"pct":100},"branches":{"total":0,"covered":0,"skipped":0,"pct":100}}
,"/Users/julienmazars/Desktop/Dev/learn-mandarin/frontend/src/types/character.ts": {"lines":{"total":0,"covered":0,"skipped":0,"pct":0},"functions":{"total":0,"covered":0,"skipped":0,"pct":0},"statements":{"total":0,"covered":0,"skipped":0,"pct":0},"branches":{"total":0,"covered":0,"skipped":0,"pct":0}}
,"/Users/julienmazars/Desktop/Dev/learn-mandarin/frontend/src/utils/formatDateTime.ts": {"lines":{"total":10,"covered":9,"skipped":0,"pct":90},"functions":{"total":1,"covered":1,"skipped":0,"pct":100},"statements":{"total":10,"covered":9,"skipped":0,"pct":90},"branches":{"total":2,"covered":1,"skipped":0,"pct":50}}
,"/Users/julienmazars/Desktop/Dev/learn-mandarin/frontend/src/utils/wordCharacters.ts": {"lines":{"total":6,"covered":6,"skipped":0,"pct":100},"functions":{"total":2,"covered":2,"skipped":0,"pct":100},"statements":{"total":6,"covered":6,"skipped":0,"pct":100},"branches":{"total":2,"covered":2,"skipped":0,"pct":100}}
}
